#
# There is insufficient memory for the Java Runtime Environment to continue.
# Native memory allocation (mmap) failed to map 26214400 bytes for Failed to commit area from 0x000000008b600000 to 0x000000008cf00000 of length 26214400.
# Possible reasons:
#   The system is out of physical RAM or swap space
#   The process is running with CompressedOops enabled, and the Java Heap may be blocking the growth of the native heap
# Possible solutions:
#   Reduce memory load on the system
#   Increase physical memory or swap space
#   Check if swap backing store is full
#   Decrease Java heap size (-Xmx/-Xms)
#   Decrease number of Java threads
#   Decrease Java thread stack sizes (-Xss)
#   Set larger code cache with -XX:ReservedCodeCacheSize=
#   JVM is running with Unscaled Compressed Oops mode in which the Java heap is
#     placed in the first 4GB address space. The Java Heap base address is the
#     maximum limit for the native heap growth. Please use -XX:HeapBaseMinAddress
#     to set the Java Heap base and to place the Java Heap above 4GB virtual address.
# This output file may be truncated or incomplete.
#
#  Out of Memory Error (./open/src/hotspot/os/windows/os_windows.cpp:3284), pid=101308, tid=97692
#
# JRE version: Java(TM) SE Runtime Environment 18.9 (11.0.14+8) (build 11.0.14+8-LTS-263)
# Java VM: Java HotSpot(TM) 64-Bit Server VM 18.9 (11.0.14+8-LTS-263, mixed mode, tiered, compressed oops, g1 gc, windows-amd64)
# No core dump will be written. Minidumps are not enabled by default on client versions of Windows
#

---------------  S U M M A R Y ------------

Command Line: -Dcom.sun.management.jmxremote -Dcom.sun.management.jmxremote.port=57907 -Dcom.sun.management.jmxremote.authenticate=false -Dcom.sun.management.jmxremote.ssl=false -Djava.rmi.server.hostname=localhost -Dspring.jmx.enabled=true -Dspring.application.admin.enabled=true -XX:TieredStopAtLevel=1 -Dspring.boot.project.name=HealthcareManagementSystem -Dfile.encoding=UTF-8 com.klef.jfsd.springboot.HealthcareManagementSystemApplication

Host: Intel(R) Core(TM) i5-1035G1 CPU @ 1.00GHz, 8 cores, 7G,  Windows 10 , 64 bit Build 19041 (10.0.19041.1889)
Time: Sat Oct 29 19:22:02 2022 India Standard Time elapsed time: 2482.341710 seconds (0d 0h 41m 22s)

---------------  T H R E A D  ---------------

Current thread (0x000002219e50e800):  VMThread "VM Thread" [stack: 0x000000aa90400000,0x000000aa90500000] [id=97692]

Stack: [0x000000aa90400000,0x000000aa90500000]
[error occurred during error reporting (printing stack bounds), id 0xc0000005, EXCEPTION_ACCESS_VIOLATION (0xc0000005) at pc=0x00000221875c10e7]

Native frames: (J=compiled Java code, j=interpreted, Vv=VM code, C=native code)
V  [jvm.dll+0x6296da]
V  [jvm.dll+0x76323f]
V  [jvm.dll+0x7648e9]
V  [jvm.dll+0x764ed5]
V  [jvm.dll+0x764e8b]
V  [jvm.dll+0x628c23]
V  [jvm.dll+0x6292d8]
C  [ntdll.dll+0xa235f]
C  [ntdll.dll+0x514a4]
C  [ntdll.dll+0xa0e8e]
C  0x00000221875c10e7

VM_Operation (0x000000aa917f7df0): G1CollectForAllocation, mode: safepoint, requested by thread 0x00000221a3488800


---------------  P R O C E S S  ---------------

Threads class SMR info:
_java_thread_list=0x00000221a5cc7ad0, length=34, elements={
0x000002219e532000, 0x000002219e53b800, 0x000002219e54c000, 0x000002219e54f000,
0x000002219e550000, 0x000002219e553800, 0x000002219eedc800, 0x000002219e4c8800,
0x000002219f661800, 0x000002219f646000, 0x000002219f6c4800, 0x000002219f773800,
0x000002219f99c800, 0x00000221a072e800, 0x00000221a072e000, 0x00000221a347f800,
0x00000221a3487800, 0x00000221a347c800, 0x00000221a347e000, 0x00000221a3481000,
0x00000221a3482000, 0x00000221a3483000, 0x00000221a347d000, 0x00000221a3483800,
0x00000221a3484800, 0x00000221a347e800, 0x00000221a3486000, 0x00000221a072f800,
0x00000221a3488800, 0x00000221a348b000, 0x00000221a3487000, 0x00000221a3485800,
0x00000221a3489800, 0x00000221a348a000
}

Java Threads: ( => current thread )
  0x000002219e532000 JavaThread "Reference Handler" daemon [_thread_blocked, id=100616, stack(0x000000aa90500000,0x000000aa90600000)]
  0x000002219e53b800 JavaThread "Finalizer" daemon [_thread_blocked, id=101204, stack(0x000000aa90600000,0x000000aa90700000)]
  0x000002219e54c000 JavaThread "Signal Dispatcher" daemon [_thread_blocked, id=95792, stack(0x000000aa90700000,0x000000aa90800000)]
  0x000002219e54f000 JavaThread "Attach Listener" daemon [_thread_blocked, id=90532, stack(0x000000aa90800000,0x000000aa90900000)]
  0x000002219e550000 JavaThread "Service Thread" daemon [_thread_blocked, id=89240, stack(0x000000aa90900000,0x000000aa90a00000)]
  0x000002219e553800 JavaThread "C1 CompilerThread0" daemon [_thread_blocked, id=95244, stack(0x000000aa90a00000,0x000000aa90b00000)]
  0x000002219eedc800 JavaThread "Sweeper thread" daemon [_thread_blocked, id=99764, stack(0x000000aa90b00000,0x000000aa90c00000)]
  0x000002219e4c8800 JavaThread "Common-Cleaner" daemon [_thread_blocked, id=100668, stack(0x000000aa90c00000,0x000000aa90d00000)]
  0x000002219f661800 JavaThread "RMI TCP Accept-0" daemon [_thread_in_native, id=99484, stack(0x000000aa90d00000,0x000000aa90e00000)]
  0x000002219f646000 JavaThread "RMI TCP Accept-57907" daemon [_thread_in_native, id=99064, stack(0x000000aa90e00000,0x000000aa90f00000)]
  0x000002219f6c4800 JavaThread "RMI TCP Accept-0" daemon [_thread_in_native, id=92916, stack(0x000000aa90f00000,0x000000aa91000000)]
  0x000002219f773800 JavaThread "RMI Scheduler(0)" daemon [_thread_blocked, id=100564, stack(0x000000aa91300000,0x000000aa91400000)]
  0x000002219f99c800 JavaThread "JMX server connection timeout 20" daemon [_thread_blocked, id=80260, stack(0x000000aa91400000,0x000000aa91500000)]
  0x00000221a072e800 JavaThread "RMI TCP Connection(idle)" daemon [_thread_blocked, id=101264, stack(0x000000aa91d00000,0x000000aa91e00000)]
  0x00000221a072e000 JavaThread "mysql-cj-abandoned-connection-cleanup" daemon [_thread_blocked, id=101476, stack(0x000000aa91c00000,0x000000aa91d00000)]
  0x00000221a347f800 JavaThread "Live Reload Server" daemon [_thread_in_native, id=101812, stack(0x000000aa92a00000,0x000000aa92b00000)]
  0x00000221a3487800 JavaThread "DestroyJavaVM" [_thread_blocked, id=90020, stack(0x000000aa8fe00000,0x000000aa8ff00000)]
  0x00000221a347c800 JavaThread "File Watcher" daemon [_thread_blocked, id=103488, stack(0x000000aa91100000,0x000000aa91200000)]
  0x00000221a347e000 JavaThread "File Watcher" daemon [_thread_blocked, id=106676, stack(0x000000aa91200000,0x000000aa91300000)]
  0x00000221a3481000 JavaThread "File Watcher" daemon [_thread_blocked, id=105896, stack(0x000000aa91e00000,0x000000aa91f00000)]
  0x00000221a3482000 JavaThread "File Watcher" daemon [_thread_blocked, id=103912, stack(0x000000aa92200000,0x000000aa92300000)]
  0x00000221a3483000 JavaThread "File Watcher" daemon [_thread_blocked, id=107876, stack(0x000000aa92300000,0x000000aa92400000)]
  0x00000221a347d000 JavaThread "File Watcher" daemon [_thread_blocked, id=108384, stack(0x000000aa92400000,0x000000aa92500000)]
  0x00000221a3483800 JavaThread "File Watcher" daemon [_thread_blocked, id=107352, stack(0x000000aa92500000,0x000000aa92600000)]
  0x00000221a3484800 JavaThread "File Watcher" daemon [_thread_blocked, id=107988, stack(0x000000aa92600000,0x000000aa92700000)]
  0x00000221a347e800 JavaThread "File Watcher" daemon [_thread_blocked, id=107556, stack(0x000000aa92800000,0x000000aa92900000)]
  0x00000221a3486000 JavaThread "File Watcher" daemon [_thread_blocked, id=103132, stack(0x000000aa92700000,0x000000aa92800000)]
  0x00000221a072f800 JavaThread "Thread-61" [_thread_blocked, id=107636, stack(0x000000aa8fb00000,0x000000aa8fc00000)]
  0x00000221a3488800 JavaThread "restartedMain" [_thread_blocked, id=102740, stack(0x000000aa91700000,0x000000aa91800000)]
  0x00000221a348b000 JavaThread "Catalina-utility-1" [_thread_blocked, id=106252, stack(0x000000aa91800000,0x000000aa91900000)]
  0x00000221a3487000 JavaThread "Catalina-utility-2" [_thread_blocked, id=107516, stack(0x000000aa92900000,0x000000aa92a00000)]
  0x00000221a3485800 JavaThread "container-8" [_thread_blocked, id=108116, stack(0x000000aa92b00000,0x000000aa92c00000)]
  0x00000221a3489800 JavaThread "HikariPool-17 housekeeper" daemon [_thread_blocked, id=107896, stack(0x000000aa92c00000,0x000000aa92d00000)]
  0x00000221a348a000 JavaThread "HikariPool-17 connection adder" daemon [_thread_blocked, id=107724, stack(0x000000aa92d00000,0x000000aa92e00000)]

Other Threads:
=>0x000002219e50e800 VMThread "VM Thread" [stack: 0x000000aa90400000,0x000000aa90500000] [id=97692]
  0x000002219f65d800 WatcherThread [stack: 0x000000aa91000000,0x000000aa91100000] [id=100532]
  0x00000221fa9e0000 GCTaskThread "GC Thread#0" [stack: 0x000000aa8ff00000,0x000000aa90000000] [id=100788]
  0x000002219fa00000 GCTaskThread "GC Thread#1" [stack: 0x000000aa91500000,0x000000aa91600000] [id=101056]
  0x000002219fa55800 GCTaskThread "GC Thread#2" [stack: 0x000000aa91600000,0x000000aa91700000] [id=98312]
  0x00000221a05c9000 GCTaskThread "GC Thread#3" [stack: 0x000000aa91900000,0x000000aa91a00000] [id=96848]
  0x00000221a05f5000 GCTaskThread "GC Thread#4" [stack: 0x000000aa91a00000,0x000000aa91b00000] [id=98900]
  0x00000221a05f5800 GCTaskThread "GC Thread#5" [stack: 0x000000aa91b00000,0x000000aa91c00000] [id=98884]
  0x00000221a07d2000 GCTaskThread "GC Thread#6" [stack: 0x000000aa91f00000,0x000000aa92000000] [id=101232]
  0x00000221a07d3000 GCTaskThread "GC Thread#7" [stack: 0x000000aa92000000,0x000000aa92100000] [id=101236]
  0x00000221faa13000 ConcurrentGCThread "G1 Main Marker" [stack: 0x000000aa90000000,0x000000aa90100000] [id=63144]
  0x00000221faa14800 ConcurrentGCThread "G1 Conc#0" [stack: 0x000000aa90100000,0x000000aa90200000] [id=100880]
  0x00000221a07d1000 ConcurrentGCThread "G1 Conc#1" [stack: 0x000000aa92100000,0x000000aa92200000] [id=101248]
  0x00000221faa9e800 ConcurrentGCThread "G1 Refine#0" [stack: 0x000000aa90200000,0x000000aa90300000] [id=100860]
  0x00000221a38dc800 ConcurrentGCThread "G1 Refine#1" [stack: 0x000000aa8fd00000,0x000000aa8fe00000] [id=78596]
  0x000002219e377000 ConcurrentGCThread "G1 Young RemSet Sampling" [stack: 0x000000aa90300000,0x000000aa90400000] [id=98952]

Threads with active compile tasks:

VM state:at safepoint (normal execution)

VM Mutex/Monitor currently owned by a thread:  ([mutex/lock_event])
[0x00000221fa9c8620] Threads_lock - owner thread: 0x000002219e50e800
[0x00000221fa9c6c40] Heap_lock - owner thread: 0x00000221a3488800

Heap address: 0x0000000083a00000, size: 1990 MB, Compressed Oops mode: 32-bit
Narrow klass base: 0x0000000000000000, Narrow klass shift: 3
Compressed class space size: 1073741824 Address: 0x0000000100000000

Heap:
 garbage-first heap   total 152576K, used 74180K [0x0000000083a00000, 0x0000000100000000)
  region size 1024K, 4 young (4096K), 4 survivors (4096K)
 Metaspace       used 84837K, capacity 89169K, committed 89344K, reserved 1126400K
  class space    used 11045K, capacity 12502K, committed 12544K, reserved 1048576K
Heap Regions: E=young(eden), S=young(survivor), O=old, HS=humongous(starts), HC=humongous(continues), CS=collection set, F=free, A=archive, TAMS=top-at-mark-start (previous, next)
|   0|0x0000000083a00000, 0x0000000083b00000, 0x0000000083b00000|100%|HS|  |TAMS 0x0000000083b00000, 0x0000000083a00000| Complete 
|   1|0x0000000083b00000, 0x0000000083bf3238, 0x0000000083c00000| 94%| O|  |TAMS 0x0000000083bf3238, 0x0000000083b00000| Untracked 
|   2|0x0000000083c00000, 0x0000000083cfffe8, 0x0000000083d00000| 99%| O|  |TAMS 0x0000000083cfffe8, 0x0000000083c00000| Untracked 
|   3|0x0000000083d00000, 0x0000000083e00000, 0x0000000083e00000|100%| O|  |TAMS 0x0000000083e00000, 0x0000000083d00000| Untracked 
|   4|0x0000000083e00000, 0x0000000083efffe0, 0x0000000083f00000| 99%| O|  |TAMS 0x0000000083efffe0, 0x0000000083e00000| Untracked 
|   5|0x0000000083f00000, 0x0000000083ffffd8, 0x0000000084000000| 99%| O|  |TAMS 0x0000000083ffffd8, 0x0000000083f00000| Untracked 
|   6|0x0000000084000000, 0x00000000840fffe8, 0x0000000084100000| 99%| O|  |TAMS 0x00000000840fffe8, 0x0000000084000000| Untracked 
|   7|0x0000000084100000, 0x00000000841fffb0, 0x0000000084200000| 99%| O|  |TAMS 0x00000000841fffb0, 0x0000000084100000| Untracked 
|   8|0x0000000084200000, 0x00000000842ffef8, 0x0000000084300000| 99%| O|  |TAMS 0x00000000842ffef8, 0x0000000084200000| Untracked 
|   9|0x0000000084300000, 0x00000000843ffff0, 0x0000000084400000| 99%| O|  |TAMS 0x00000000843ffff0, 0x0000000084300000| Untracked 
|  10|0x0000000084400000, 0x00000000844fffe0, 0x0000000084500000| 99%| O|  |TAMS 0x00000000844fffe0, 0x0000000084400000| Untracked 
|  11|0x0000000084500000, 0x00000000845ffd68, 0x0000000084600000| 99%| O|  |TAMS 0x00000000845ffd68, 0x0000000084500000| Untracked 
|  12|0x0000000084600000, 0x00000000846ffbc8, 0x0000000084700000| 99%| O|  |TAMS 0x00000000846ffbc8, 0x0000000084600000| Untracked 
|  13|0x0000000084700000, 0x00000000847ffdd0, 0x0000000084800000| 99%| O|  |TAMS 0x00000000847ffdd0, 0x0000000084700000| Untracked 
|  14|0x0000000084800000, 0x00000000848fffe0, 0x0000000084900000| 99%| O|  |TAMS 0x00000000848fffe0, 0x0000000084800000| Untracked 
|  15|0x0000000084900000, 0x00000000849fffe0, 0x0000000084a00000| 99%| O|  |TAMS 0x00000000849fffe0, 0x0000000084900000| Untracked 
|  16|0x0000000084a00000, 0x0000000084afffe0, 0x0000000084b00000| 99%| O|  |TAMS 0x0000000084afffe0, 0x0000000084a00000| Untracked 
|  17|0x0000000084b00000, 0x0000000084bfffe0, 0x0000000084c00000| 99%| O|  |TAMS 0x0000000084bfffe0, 0x0000000084b00000| Untracked 
|  18|0x0000000084c00000, 0x0000000084d00000, 0x0000000084d00000|100%| O|  |TAMS 0x0000000084d00000, 0x0000000084c00000| Untracked 
|  19|0x0000000084d00000, 0x0000000084e00000, 0x0000000084e00000|100%| O|  |TAMS 0x0000000084e00000, 0x0000000084d00000| Untracked 
|  20|0x0000000084e00000, 0x0000000084effff0, 0x0000000084f00000| 99%| O|  |TAMS 0x0000000084effff0, 0x0000000084e00000| Untracked 
|  21|0x0000000084f00000, 0x0000000084ffffe0, 0x0000000085000000| 99%| O|  |TAMS 0x0000000084ffffe0, 0x0000000084f00000| Untracked 
|  22|0x0000000085000000, 0x00000000850fffe0, 0x0000000085100000| 99%| O|  |TAMS 0x00000000850fffe0, 0x0000000085000000| Untracked 
|  23|0x0000000085100000, 0x00000000851ffff0, 0x0000000085200000| 99%| O|  |TAMS 0x00000000851ffff0, 0x0000000085100000| Untracked 
|  24|0x0000000085200000, 0x00000000852fffd0, 0x0000000085300000| 99%| O|  |TAMS 0x00000000852fffd0, 0x0000000085200000| Untracked 
|  25|0x0000000085300000, 0x0000000085400000, 0x0000000085400000|100%| O|  |TAMS 0x0000000085400000, 0x0000000085300000| Untracked 
|  26|0x0000000085400000, 0x00000000854fffd8, 0x0000000085500000| 99%| O|  |TAMS 0x00000000854fffd8, 0x0000000085400000| Untracked 
|  27|0x0000000085500000, 0x00000000855ffff8, 0x0000000085600000| 99%| O|  |TAMS 0x00000000855ffff8, 0x0000000085500000| Untracked 
|  28|0x0000000085600000, 0x00000000856ffff8, 0x0000000085700000| 99%| O|  |TAMS 0x00000000856ffff8, 0x0000000085600000| Untracked 
|  29|0x0000000085700000, 0x00000000857fffe0, 0x0000000085800000| 99%| O|  |TAMS 0x00000000857fffe0, 0x0000000085700000| Untracked 
|  30|0x0000000085800000, 0x00000000858ffff0, 0x0000000085900000| 99%| O|  |TAMS 0x00000000858ffff0, 0x0000000085800000| Untracked 
|  31|0x0000000085900000, 0x00000000859ffff0, 0x0000000085a00000| 99%| O|  |TAMS 0x00000000859ffff0, 0x0000000085900000| Untracked 
|  32|0x0000000085a00000, 0x0000000085affff8, 0x0000000085b00000| 99%| O|  |TAMS 0x0000000085affff8, 0x0000000085a00000| Untracked 
|  33|0x0000000085b00000, 0x0000000085c00000, 0x0000000085c00000|100%| O|  |TAMS 0x0000000085c00000, 0x0000000085b00000| Untracked 
|  34|0x0000000085c00000, 0x0000000085cfffd8, 0x0000000085d00000| 99%| O|  |TAMS 0x0000000085cfffd8, 0x0000000085c00000| Untracked 
|  35|0x0000000085d00000, 0x0000000085e00000, 0x0000000085e00000|100%| O|  |TAMS 0x0000000085e00000, 0x0000000085d00000| Untracked 
|  36|0x0000000085e00000, 0x0000000085efffe8, 0x0000000085f00000| 99%| O|  |TAMS 0x0000000085efffe8, 0x0000000085e00000| Untracked 
|  37|0x0000000085f00000, 0x0000000085ffffd8, 0x0000000086000000| 99%| O|  |TAMS 0x0000000085ffffd8, 0x0000000085f00000| Untracked 
|  38|0x0000000086000000, 0x00000000860ffff8, 0x0000000086100000| 99%| O|  |TAMS 0x00000000860ffff8, 0x0000000086000000| Untracked 
|  39|0x0000000086100000, 0x00000000861ffff0, 0x0000000086200000| 99%| O|  |TAMS 0x00000000861ffff0, 0x0000000086100000| Untracked 
|  40|0x0000000086200000, 0x00000000862fffe8, 0x0000000086300000| 99%| O|  |TAMS 0x00000000862fffe8, 0x0000000086200000| Untracked 
|  41|0x0000000086300000, 0x00000000863ffff8, 0x0000000086400000| 99%| O|  |TAMS 0x00000000863ffff8, 0x0000000086300000| Untracked 
|  42|0x0000000086400000, 0x00000000864ffff8, 0x0000000086500000| 99%| O|  |TAMS 0x00000000864ffff8, 0x0000000086400000| Untracked 
|  43|0x0000000086500000, 0x0000000086600000, 0x0000000086600000|100%| O|  |TAMS 0x0000000086600000, 0x0000000086500000| Untracked 
|  44|0x0000000086600000, 0x00000000866fffe8, 0x0000000086700000| 99%| O|  |TAMS 0x00000000866fffe8, 0x0000000086600000| Untracked 
|  45|0x0000000086700000, 0x0000000086800000, 0x0000000086800000|100%| O|  |TAMS 0x0000000086800000, 0x0000000086700000| Untracked 
|  46|0x0000000086800000, 0x00000000868ffff0, 0x0000000086900000| 99%| O|  |TAMS 0x00000000868ffff0, 0x0000000086800000| Untracked 
|  47|0x0000000086900000, 0x00000000869ffff0, 0x0000000086a00000| 99%| O|  |TAMS 0x00000000869ffff0, 0x0000000086900000| Untracked 
|  48|0x0000000086a00000, 0x0000000086b00000, 0x0000000086b00000|100%| O|  |TAMS 0x0000000086b00000, 0x0000000086a00000| Untracked 
|  49|0x0000000086b00000, 0x0000000086bffff8, 0x0000000086c00000| 99%| O|  |TAMS 0x0000000086bffff8, 0x0000000086b00000| Untracked 
|  50|0x0000000086c00000, 0x0000000086cffff0, 0x0000000086d00000| 99%| O|  |TAMS 0x0000000086cffff0, 0x0000000086c00000| Untracked 
|  51|0x0000000086d00000, 0x0000000086e00000, 0x0000000086e00000|100%| O|  |TAMS 0x0000000086e00000, 0x0000000086d00000| Untracked 
|  52|0x0000000086e00000, 0x0000000086effff0, 0x0000000086f00000| 99%| O|  |TAMS 0x0000000086effff0, 0x0000000086e00000| Untracked 
|  53|0x0000000086f00000, 0x0000000086ffffe0, 0x0000000087000000| 99%| O|  |TAMS 0x0000000086ffffe0, 0x0000000086f00000| Untracked 
|  54|0x0000000087000000, 0x0000000087100000, 0x0000000087100000|100%| O|  |TAMS 0x0000000087100000, 0x0000000087000000| Untracked 
|  55|0x0000000087100000, 0x0000000087200000, 0x0000000087200000|100%| O|  |TAMS 0x0000000087200000, 0x0000000087100000| Untracked 
|  56|0x0000000087200000, 0x00000000872fffd0, 0x0000000087300000| 99%| O|  |TAMS 0x00000000872fffd0, 0x0000000087200000| Untracked 
|  57|0x0000000087300000, 0x00000000873fffc8, 0x0000000087400000| 99%| O|  |TAMS 0x00000000873fffc8, 0x0000000087300000| Untracked 
|  58|0x0000000087400000, 0x00000000874ffff8, 0x0000000087500000| 99%| O|  |TAMS 0x00000000874ffff8, 0x0000000087400000| Untracked 
|  59|0x0000000087500000, 0x00000000875ffff0, 0x0000000087600000| 99%| O|  |TAMS 0x00000000875ffff0, 0x0000000087500000| Untracked 
|  60|0x0000000087600000, 0x00000000876fffe8, 0x0000000087700000| 99%| O|  |TAMS 0x00000000876fffe8, 0x0000000087600000| Untracked 
|  61|0x0000000087700000, 0x00000000877fffe8, 0x0000000087800000| 99%| O|  |TAMS 0x00000000877fffe8, 0x0000000087700000| Untracked 
|  62|0x0000000087800000, 0x00000000878fffe0, 0x0000000087900000| 99%| O|  |TAMS 0x00000000878fffe0, 0x0000000087800000| Untracked 
|  63|0x0000000087900000, 0x00000000879ff410, 0x0000000087a00000| 99%| O|  |TAMS 0x00000000879ff410, 0x0000000087900000| Untracked 
|  64|0x0000000087a00000, 0x0000000087abe2c8, 0x0000000087b00000| 74%| O|  |TAMS 0x0000000087abe2c8, 0x0000000087a00000| Untracked 
|  65|0x0000000087b00000, 0x0000000087b95d30, 0x0000000087c00000| 58%| O|  |TAMS 0x0000000087b95d30, 0x0000000087b00000| Untracked 
|  66|0x0000000087c00000, 0x0000000087c1d638, 0x0000000087d00000| 11%| O|  |TAMS 0x0000000087c1d638, 0x0000000087c00000| Untracked 
|  67|0x0000000087d00000, 0x0000000087e00000, 0x0000000087e00000|100%| O|  |TAMS 0x0000000087e00000, 0x0000000087d00000| Untracked 
|  68|0x0000000087e00000, 0x0000000087eace58, 0x0000000087f00000| 67%| O|  |TAMS 0x0000000087eace58, 0x0000000087e00000| Untracked 
|  69|0x0000000087f00000, 0x0000000088000000, 0x0000000088000000|100%| O|  |TAMS 0x0000000087f0ca00, 0x0000000087f00000| Untracked 
|  70|0x0000000088000000, 0x0000000088036800, 0x0000000088100000| 21%| O|  |TAMS 0x0000000088000000, 0x0000000088000000| Untracked 
|  71|0x0000000088100000, 0x0000000088100000, 0x0000000088200000|  0%| F|  |TAMS 0x0000000088100000, 0x0000000088100000| Untracked 
|  72|0x0000000088200000, 0x0000000088200000, 0x0000000088300000|  0%| F|  |TAMS 0x0000000088200000, 0x0000000088200000| Untracked 
|  73|0x0000000088300000, 0x0000000088300000, 0x0000000088400000|  0%| F|  |TAMS 0x0000000088300000, 0x0000000088300000| Untracked 
|  74|0x0000000088400000, 0x0000000088400000, 0x0000000088500000|  0%| F|  |TAMS 0x0000000088400000, 0x0000000088400000| Untracked 
|  75|0x0000000088500000, 0x0000000088500000, 0x0000000088600000|  0%| F|  |TAMS 0x0000000088500000, 0x0000000088500000| Untracked 
|  76|0x0000000088600000, 0x0000000088600000, 0x0000000088700000|  0%| F|  |TAMS 0x0000000088600000, 0x0000000088600000| Untracked 
|  77|0x0000000088700000, 0x0000000088700000, 0x0000000088800000|  0%| F|  |TAMS 0x0000000088700000, 0x0000000088700000| Untracked 
|  78|0x0000000088800000, 0x0000000088800000, 0x0000000088900000|  0%| F|  |TAMS 0x0000000088800000, 0x0000000088800000| Untracked 
|  79|0x0000000088900000, 0x0000000088900000, 0x0000000088a00000|  0%| F|  |TAMS 0x0000000088900000, 0x0000000088900000| Untracked 
|  80|0x0000000088a00000, 0x0000000088a00000, 0x0000000088b00000|  0%| F|  |TAMS 0x0000000088a00000, 0x0000000088a00000| Untracked 
|  81|0x0000000088b00000, 0x0000000088b00000, 0x0000000088c00000|  0%| F|  |TAMS 0x0000000088b00000, 0x0000000088b00000| Untracked 
|  82|0x0000000088c00000, 0x0000000088c00000, 0x0000000088d00000|  0%| F|  |TAMS 0x0000000088c00000, 0x0000000088c00000| Untracked 
|  83|0x0000000088d00000, 0x0000000088d00000, 0x0000000088e00000|  0%| F|  |TAMS 0x0000000088d00000, 0x0000000088d00000| Untracked 
|  84|0x0000000088e00000, 0x0000000088e00000, 0x0000000088f00000|  0%| F|  |TAMS 0x0000000088e00000, 0x0000000088e00000| Untracked 
|  85|0x0000000088f00000, 0x0000000088f00000, 0x0000000089000000|  0%| F|  |TAMS 0x0000000088f00000, 0x0000000088f00000| Untracked 
|  86|0x0000000089000000, 0x0000000089000000, 0x0000000089100000|  0%| F|  |TAMS 0x0000000089000000, 0x0000000089000000| Untracked 
|  87|0x0000000089100000, 0x0000000089100000, 0x0000000089200000|  0%| F|  |TAMS 0x0000000089100000, 0x0000000089100000| Untracked 
|  88|0x0000000089200000, 0x0000000089200000, 0x0000000089300000|  0%| F|  |TAMS 0x0000000089200000, 0x0000000089200000| Untracked 
|  89|0x0000000089300000, 0x00000000893d8970, 0x0000000089400000| 84%| S|CS|TAMS 0x0000000089300000, 0x0000000089300000| Complete 
|  90|0x0000000089400000, 0x0000000089500000, 0x0000000089500000|100%| S|CS|TAMS 0x0000000089400000, 0x0000000089400000| Complete 
|  91|0x0000000089500000, 0x0000000089600000, 0x0000000089600000|100%| S|CS|TAMS 0x0000000089500000, 0x0000000089500000| Complete 
|  92|0x0000000089600000, 0x0000000089600000, 0x0000000089700000|  0%| F|  |TAMS 0x0000000089600000, 0x0000000089600000| Untracked 
|  93|0x0000000089700000, 0x0000000089700000, 0x0000000089800000|  0%| F|  |TAMS 0x0000000089700000, 0x0000000089700000| Untracked 
|  94|0x0000000089800000, 0x0000000089900000, 0x0000000089900000|100%| S|CS|TAMS 0x0000000089800000, 0x0000000089800000| Complete 
|  95|0x0000000089900000, 0x0000000089900000, 0x0000000089a00000|  0%| F|  |TAMS 0x0000000089900000, 0x0000000089900000| Untracked 
|  96|0x0000000089a00000, 0x0000000089a00000, 0x0000000089b00000|  0%| F|  |TAMS 0x0000000089a00000, 0x0000000089a00000| Untracked 
|  97|0x0000000089b00000, 0x0000000089b52278, 0x0000000089c00000| 32%| O|  |TAMS 0x0000000089b52278, 0x0000000089b00000| Untracked 
|  98|0x0000000089c00000, 0x0000000089c00000, 0x0000000089d00000|  0%| F|  |TAMS 0x0000000089c00000, 0x0000000089c00000| Untracked 
|  99|0x0000000089d00000, 0x0000000089d00000, 0x0000000089e00000|  0%| F|  |TAMS 0x0000000089d00000, 0x0000000089d00000| Untracked 
| 100|0x0000000089e00000, 0x0000000089e00000, 0x0000000089f00000|  0%| F|  |TAMS 0x0000000089e00000, 0x0000000089e00000| Untracked 
| 101|0x0000000089f00000, 0x0000000089f00000, 0x000000008a000000|  0%| F|  |TAMS 0x0000000089f00000, 0x0000000089f00000| Untracked 
| 102|0x000000008a000000, 0x000000008a000000, 0x000000008a100000|  0%| F|  |TAMS 0x000000008a000000, 0x000000008a000000| Untracked 
| 103|0x000000008a100000, 0x000000008a100000, 0x000000008a200000|  0%| F|  |TAMS 0x000000008a100000, 0x000000008a100000| Untracked 
| 104|0x000000008a200000, 0x000000008a200000, 0x000000008a300000|  0%| F|  |TAMS 0x000000008a200000, 0x000000008a200000| Untracked 
| 105|0x000000008a300000, 0x000000008a300000, 0x000000008a400000|  0%| F|  |TAMS 0x000000008a300000, 0x000000008a300000| Untracked 
| 106|0x000000008a400000, 0x000000008a400000, 0x000000008a500000|  0%| F|  |TAMS 0x000000008a400000, 0x000000008a400000| Untracked 
| 107|0x000000008a500000, 0x000000008a500000, 0x000000008a600000|  0%| F|  |TAMS 0x000000008a500000, 0x000000008a500000| Untracked 
| 108|0x000000008a600000, 0x000000008a600000, 0x000000008a700000|  0%| F|  |TAMS 0x000000008a600000, 0x000000008a600000| Untracked 
| 109|0x000000008a700000, 0x000000008a700000, 0x000000008a800000|  0%| F|  |TAMS 0x000000008a700000, 0x000000008a700000| Untracked 
| 110|0x000000008a800000, 0x000000008a800000, 0x000000008a900000|  0%| F|  |TAMS 0x000000008a800000, 0x000000008a800000| Untracked 
| 111|0x000000008a900000, 0x000000008a900000, 0x000000008aa00000|  0%| F|  |TAMS 0x000000008a900000, 0x000000008a900000| Untracked 
| 112|0x000000008aa00000, 0x000000008aa00000, 0x000000008ab00000|  0%| F|  |TAMS 0x000000008aa00000, 0x000000008aa00000| Untracked 
| 113|0x000000008ab00000, 0x000000008ab00000, 0x000000008ac00000|  0%| F|  |TAMS 0x000000008ab00000, 0x000000008ab00000| Untracked 
| 114|0x000000008ac00000, 0x000000008ac00000, 0x000000008ad00000|  0%| F|  |TAMS 0x000000008ac00000, 0x000000008ac00000| Untracked 
| 115|0x000000008ad00000, 0x000000008ad00000, 0x000000008ae00000|  0%| F|  |TAMS 0x000000008ad00000, 0x000000008ad00000| Untracked 
| 116|0x000000008ae00000, 0x000000008ae00000, 0x000000008af00000|  0%| F|  |TAMS 0x000000008ae00000, 0x000000008ae00000| Untracked 
| 117|0x000000008af00000, 0x000000008af00000, 0x000000008b000000|  0%| F|  |TAMS 0x000000008af00000, 0x000000008af00000| Untracked 
| 118|0x000000008b000000, 0x000000008b000000, 0x000000008b100000|  0%| F|  |TAMS 0x000000008b000000, 0x000000008b000000| Untracked 
| 119|0x000000008b100000, 0x000000008b100000, 0x000000008b200000|  0%| F|  |TAMS 0x000000008b100000, 0x000000008b100000| Untracked 
| 120|0x000000008b200000, 0x000000008b200000, 0x000000008b300000|  0%| F|  |TAMS 0x000000008b200000, 0x000000008b200000| Untracked 
| 121|0x000000008b300000, 0x000000008b300000, 0x000000008b400000|  0%| F|  |TAMS 0x000000008b300000, 0x000000008b300000| Untracked 
| 122|0x000000008b400000, 0x000000008b400000, 0x000000008b500000|  0%| F|  |TAMS 0x000000008b400000, 0x000000008b400000| Untracked 
| 123|0x000000008b500000, 0x000000008b500000, 0x000000008b600000|  0%| F|  |TAMS 0x000000008b500000, 0x000000008b500000| Untracked 

Card table byte_map: [0x0000022197430000,0x0000022197820000] _byte_map_base: 0x0000022197013000

Marking Bits (Prev, Next): (CMBitMap*) 0x00000221faa0a4a0, (CMBitMap*) 0x00000221faa0a468
 Prev Bits: [0x0000022199b30000, 0x000002219ba48000)
 Next Bits: [0x0000022197c10000, 0x0000022199b28000)

Polling page: 0x0000022180000000

Metaspace:

Usage:
  Non-class:     74.87 MB capacity,    72.06 MB ( 96%) used,     2.48 MB (  3%) free+waste,   340.25 KB ( <1%) overhead. 
      Class:     12.21 MB capacity,    10.79 MB ( 88%) used,     1.25 MB ( 10%) free+waste,   173.50 KB (  1%) overhead. 
       Both:     87.08 MB capacity,    82.85 MB ( 95%) used,     3.73 MB (  4%) free+waste,   513.75 KB ( <1%) overhead. 

Virtual space:
  Non-class space:       76.00 MB reserved,      75.00 MB ( 99%) committed 
      Class space:        1.00 GB reserved,      12.25 MB (  1%) committed 
             Both:        1.07 GB reserved,      87.25 MB (  8%) committed 

Chunk freelists:
   Non-Class:  640 bytes
       Class:  1.25 KB
        Both:  1.88 KB

CodeHeap 'non-profiled nmethods': size=238336Kb used=27136Kb max_used=27136Kb free=211199Kb
 bounds [0x0000022187d00000, 0x0000022189790000, 0x00000221965c0000]
CodeHeap 'non-nmethods': size=7424Kb used=1285Kb max_used=1285Kb free=6138Kb
 bounds [0x00000221875c0000, 0x0000022187830000, 0x0000022187d00000]
 total_blobs=16129 nmethods=15466 adapters=587
 compilation: enabled
              stopped_count=0, restarted_count=0
 full_count=0

Compilation events (10 events):
Event: 2479.915 Thread 0x000002219e553800 15531   !   1       org.hibernate.hql.internal.antlr.HqlBaseParser::identPrimaryBase (229 bytes)
Event: 2479.926 Thread 0x000002219e553800 nmethod 15531 0x000002218977b390 code [0x000002218977b720, 0x000002218977c468]
Event: 2479.940 Thread 0x000002219e553800 15534   !   1       org.springframework.beans.factory.annotation.InjectionMetadata$InjectedElement::checkPropertySkipping (123 bytes)
Event: 2479.943 Thread 0x000002219e553800 nmethod 15534 0x000002218977e290 code [0x000002218977e4a0, 0x000002218977ec88]
Event: 2479.967 Thread 0x000002219e553800 15535       1       org.springframework.data.mapping.context.AbstractMappingContext$PersistentPropertyFilter$$Lambda$1117/0x00000001008bdc40::test (12 bytes)
Event: 2479.968 Thread 0x000002219e553800 nmethod 15535 0x000002218977f010 code [0x000002218977f1e0, 0x000002218977f428]
Event: 2479.969 Thread 0x000002219e553800 15536       1       org.springframework.data.mapping.context.AbstractMappingContext$PersistentPropertyFilter::lambda$matches$1 (13 bytes)
Event: 2479.970 Thread 0x000002219e553800 nmethod 15536 0x000002218977f610 code [0x000002218977f7e0, 0x000002218977f9c8]
Event: 2480.033 Thread 0x000002219e553800 15537   !   1       com.sun.proxy.$Proxy22::value (29 bytes)
Event: 2480.034 Thread 0x000002219e553800 nmethod 15537 0x000002218977fb90 code [0x000002218977fd40, 0x000002218977ff58]

GC Heap History (10 events):
Event: 2461.996 GC heap after
{Heap after GC invocations=145 (full 7):
 garbage-first heap   total 126976K, used 74636K [0x0000000083a00000, 0x0000000100000000)
  region size 1024K, 4 young (4096K), 4 survivors (4096K)
 Metaspace       used 84494K, capacity 88762K, committed 89088K, reserved 1126400K
  class space    used 11015K, capacity 12456K, committed 12544K, reserved 1048576K
}
Event: 2474.905 GC heap before
{Heap before GC invocations=146 (full 7):
 garbage-first heap   total 126976K, used 88972K [0x0000000083a00000, 0x0000000100000000)
  region size 1024K, 19 young (19456K), 4 survivors (4096K)
 Metaspace       used 84508K, capacity 88786K, committed 89088K, reserved 1126400K
  class space    used 11017K, capacity 12461K, committed 12544K, reserved 1048576K
}
Event: 2475.156 GC heap after
{Heap after GC invocations=147 (full 8):
 garbage-first heap   total 126976K, used 67975K [0x0000000083a00000, 0x0000000100000000)
  region size 1024K, 0 young (0K), 0 survivors (0K)
 Metaspace       used 84508K, capacity 88786K, committed 89088K, reserved 1126400K
  class space    used 11017K, capacity 12461K, committed 12544K, reserved 1048576K
}
Event: 2475.865 GC heap before
{Heap before GC invocations=147 (full 8):
 garbage-first heap   total 126976K, used 96647K [0x0000000083a00000, 0x0000000100000000)
  region size 1024K, 28 young (28672K), 0 survivors (0K)
 Metaspace       used 84548K, capacity 88874K, committed 89088K, reserved 1126400K
  class space    used 11024K, capacity 12469K, committed 12544K, reserved 1048576K
}
Event: 2475.873 GC heap after
{Heap after GC invocations=148 (full 8):
 garbage-first heap   total 126976K, used 70363K [0x0000000083a00000, 0x0000000100000000)
  region size 1024K, 3 young (3072K), 3 survivors (3072K)
 Metaspace       used 84548K, capacity 88874K, committed 89088K, reserved 1126400K
  class space    used 11024K, capacity 12469K, committed 12544K, reserved 1048576K
}
Event: 2477.574 GC heap before
{Heap before GC invocations=149 (full 8):
 garbage-first heap   total 126976K, used 99035K [0x0000000083a00000, 0x0000000100000000)
  region size 1024K, 31 young (31744K), 3 survivors (3072K)
 Metaspace       used 84581K, capacity 88906K, committed 89088K, reserved 1126400K
  class space    used 11030K, capacity 12501K, committed 12544K, reserved 1048576K
}
Event: 2477.582 GC heap after
{Heap after GC invocations=150 (full 8):
 garbage-first heap   total 126976K, used 70703K [0x0000000083a00000, 0x0000000100000000)
  region size 1024K, 3 young (3072K), 3 survivors (3072K)
 Metaspace       used 84581K, capacity 88906K, committed 89088K, reserved 1126400K
  class space    used 11030K, capacity 12501K, committed 12544K, reserved 1048576K
}
Event: 2478.689 GC heap before
{Heap before GC invocations=150 (full 8):
 garbage-first heap   total 126976K, used 100399K [0x0000000083a00000, 0x0000000100000000)
  region size 1024K, 32 young (32768K), 3 survivors (3072K)
 Metaspace       used 84594K, capacity 88906K, committed 89088K, reserved 1126400K
  class space    used 11031K, capacity 12501K, committed 12544K, reserved 1048576K
}
Event: 2478.700 GC heap after
{Heap after GC invocations=151 (full 8):
 garbage-first heap   total 126976K, used 71766K [0x0000000083a00000, 0x0000000100000000)
  region size 1024K, 3 young (3072K), 3 survivors (3072K)
 Metaspace       used 84594K, capacity 88906K, committed 89088K, reserved 1126400K
  class space    used 11031K, capacity 12501K, committed 12544K, reserved 1048576K
}
Event: 2480.314 GC heap before
{Heap before GC invocations=152 (full 8):
 garbage-first heap   total 126976K, used 100438K [0x0000000083a00000, 0x0000000100000000)
  region size 1024K, 31 young (31744K), 3 survivors (3072K)
 Metaspace       used 84837K, capacity 89169K, committed 89344K, reserved 1126400K
  class space    used 11045K, capacity 12502K, committed 12544K, reserved 1048576K
}

Deoptimization events (0 events):
No events

Classes redefined (0 events):
No events

Internal exceptions (10 events):
Event: 2479.640 Thread 0x00000221a3488800 Exception <a 'java/lang/ClassNotFoundException'{0x000000008a31bce0}: java/lang/ObjectCustomizer> (0x000000008a31bce0) thrown at [./open/src/hotspot/share/classfile/systemDictionary.cpp, line 226]
Event: 2479.642 Thread 0x00000221a3488800 Exception <a 'java/lang/ClassNotFoundException'{0x000000008a333b60}: com/klef/jfsd/springboot/model/PatientCustomizer> (0x000000008a333b60) thrown at [./open/src/hotspot/share/classfile/systemDictionary.cpp, line 226]
Event: 2479.732 Thread 0x00000221a3488800 Exception <a 'java/lang/ClassNotFoundException'{0x000000008a135720}: java/lang/ObjectCustomizer> (0x000000008a135720) thrown at [./open/src/hotspot/share/classfile/systemDictionary.cpp, line 226]
Event: 2479.737 Thread 0x00000221a3488800 Exception <a 'java/lang/ClassNotFoundException'{0x000000008a14d370}: com/klef/jfsd/springboot/model/AdminCustomizer> (0x000000008a14d370) thrown at [./open/src/hotspot/share/classfile/systemDictionary.cpp, line 226]
Event: 2479.788 Thread 0x00000221a3488800 Exception <a 'java/lang/ClassNotFoundException'{0x000000008a0631f8}: java/lang/ObjectCustomizer> (0x000000008a0631f8) thrown at [./open/src/hotspot/share/classfile/systemDictionary.cpp, line 226]
Event: 2479.790 Thread 0x00000221a3488800 Exception <a 'java/lang/ClassNotFoundException'{0x000000008a07dfc0}: com/klef/jfsd/springboot/model/DoctorCustomizer> (0x000000008a07dfc0) thrown at [./open/src/hotspot/share/classfile/systemDictionary.cpp, line 226]
Event: 2479.849 Thread 0x00000221a3488800 Exception <a 'java/lang/ClassNotFoundException'{0x0000000089e0e228}: java/lang/ObjectCustomizer> (0x0000000089e0e228) thrown at [./open/src/hotspot/share/classfile/systemDictionary.cpp, line 226]
Event: 2479.851 Thread 0x00000221a3488800 Exception <a 'java/lang/ClassNotFoundException'{0x0000000089e26e68}: com/klef/jfsd/springboot/model/ReceptionistCustomizer> (0x0000000089e26e68) thrown at [./open/src/hotspot/share/classfile/systemDictionary.cpp, line 226]
Event: 2479.950 Thread 0x00000221a3488800 Exception <a 'java/lang/ClassNotFoundException'{0x0000000089dad4d0}: java/lang/ObjectCustomizer> (0x0000000089dad4d0) thrown at [./open/src/hotspot/share/classfile/systemDictionary.cpp, line 226]
Event: 2479.954 Thread 0x00000221a3488800 Exception <a 'java/lang/ClassNotFoundException'{0x0000000089dc5f90}: com/klef/jfsd/springboot/model/AppointmentCustomizer> (0x0000000089dc5f90) thrown at [./open/src/hotspot/share/classfile/systemDictionary.cpp, line 226]

Events (10 events):
Event: 2480.306 loading class javax/validation$Validator done
Event: 2480.307 loading class javax/validation/Validator
Event: 2480.307 loading class javax/validation/Validator done
Event: 2480.307 loading class javax/validation$Validator
Event: 2480.307 loading class javax/validation$Validator done
Event: 2480.309 loading class org/joda/time/YearMonth
Event: 2480.309 loading class org/joda/time/YearMonth done
Event: 2480.310 loading class org/joda/time$YearMonth
Event: 2480.310 loading class org/joda/time$YearMonth done
Event: 2480.313 Executing VM operation: G1CollectForAllocation


Dynamic libraries:
0x00007ff6ea2f0000 - 0x00007ff6ea2ff000 	C:\Program Files\Java\jdk-11.0.14\bin\javaw.exe
0x00007ff908ad0000 - 0x00007ff908cc8000 	C:\Windows\SYSTEM32\ntdll.dll
0x00007ff908430000 - 0x00007ff9084ed000 	C:\Windows\System32\KERNEL32.DLL
0x00007ff9064d0000 - 0x00007ff90679e000 	C:\Windows\System32\KERNELBASE.dll
0x00007ff906990000 - 0x00007ff906a90000 	C:\Windows\System32\ucrtbase.dll
0x00007ff8fd280000 - 0x00007ff8fd295000 	C:\Program Files\Java\jdk-11.0.14\bin\VCRUNTIME140.dll
0x00007ff905a10000 - 0x00007ff905a28000 	C:\Program Files\Java\jdk-11.0.14\bin\jli.dll
0x00007ff906c00000 - 0x00007ff906cae000 	C:\Windows\System32\ADVAPI32.dll
0x00007ff907610000 - 0x00007ff9076ae000 	C:\Windows\System32\msvcrt.dll
0x00007ff9089f0000 - 0x00007ff908a8c000 	C:\Windows\System32\sechost.dll
0x00007ff9074e0000 - 0x00007ff907605000 	C:\Windows\System32\RPCRT4.dll
0x00007ff908290000 - 0x00007ff908430000 	C:\Windows\System32\USER32.dll
0x00007ff9061f0000 - 0x00007ff906212000 	C:\Windows\System32\win32u.dll
0x00007ff9073d0000 - 0x00007ff9073fa000 	C:\Windows\System32\GDI32.dll
0x00007ff906830000 - 0x00007ff90693b000 	C:\Windows\System32\gdi32full.dll
0x00007ff905600000 - 0x00007ff90589a000 	C:\Windows\WinSxS\amd64_microsoft.windows.common-controls_6595b64144ccf1df_6.0.19041.1110_none_60b5254171f9507e\COMCTL32.dll
0x00007ff906a90000 - 0x00007ff906b2d000 	C:\Windows\System32\msvcp_win.dll
0x00007ff8efdb0000 - 0x00007ff8efdba000 	C:\Windows\SYSTEM32\VERSION.dll
0x00007ff9089c0000 - 0x00007ff9089f0000 	C:\Windows\System32\IMM32.DLL
0x00007ff8c5e10000 - 0x00007ff8c5eab000 	C:\Program Files\Java\jdk-11.0.14\bin\msvcp140.dll
0x00007ff8bfe00000 - 0x00007ff8c0916000 	C:\Program Files\Java\jdk-11.0.14\bin\server\jvm.dll
0x00007ff906b30000 - 0x00007ff906b38000 	C:\Windows\System32\PSAPI.DLL
0x00007ff8ebde0000 - 0x00007ff8ebe07000 	C:\Windows\SYSTEM32\WINMM.dll
0x00007ff905a00000 - 0x00007ff905a09000 	C:\Windows\SYSTEM32\WSOCK32.dll
0x00007ff9085c0000 - 0x00007ff90862b000 	C:\Windows\System32\WS2_32.dll
0x00007ff9043e0000 - 0x00007ff9043f2000 	C:\Windows\SYSTEM32\kernel.appcore.dll
0x00007ff903340000 - 0x00007ff903350000 	C:\Program Files\Java\jdk-11.0.14\bin\verify.dll
0x00007ff905a80000 - 0x00007ff905c64000 	C:\Windows\SYSTEM32\DBGHELP.DLL
0x00007ff9059d0000 - 0x00007ff9059fc000 	C:\Windows\SYSTEM32\dbgcore.DLL
0x00007ff9067a0000 - 0x00007ff906822000 	C:\Windows\System32\bcryptPrimitives.dll
0x00007ff8f1470000 - 0x00007ff8f1498000 	C:\Program Files\Java\jdk-11.0.14\bin\java.dll
0x00007ff903220000 - 0x00007ff90322a000 	C:\Program Files\Java\jdk-11.0.14\bin\jimage.dll
0x00007ff8f7da0000 - 0x00007ff8f7db6000 	C:\Program Files\Java\jdk-11.0.14\bin\zip.dll
0x00007ff9076b0000 - 0x00007ff907df3000 	C:\Windows\System32\SHELL32.dll
0x00007ff903b40000 - 0x00007ff9042d5000 	C:\Windows\SYSTEM32\windows.storage.dll
0x00007ff906ed0000 - 0x00007ff907224000 	C:\Windows\System32\combase.dll
0x00007ff905560000 - 0x00007ff905590000 	C:\Windows\SYSTEM32\Wldp.dll
0x00007ff908910000 - 0x00007ff9089bd000 	C:\Windows\System32\SHCORE.dll
0x00007ff906e70000 - 0x00007ff906ec5000 	C:\Windows\System32\shlwapi.dll
0x00007ff906130000 - 0x00007ff90614f000 	C:\Windows\SYSTEM32\profapi.dll
0x00007ff8f6c80000 - 0x00007ff8f6c99000 	C:\Program Files\Java\jdk-11.0.14\bin\net.dll
0x00007ff8f9820000 - 0x00007ff8f992a000 	C:\Windows\SYSTEM32\WINHTTP.dll
0x00007ff905430000 - 0x00007ff90549a000 	C:\Windows\system32\mswsock.dll
0x00007ff8f6680000 - 0x00007ff8f6692000 	C:\Program Files\Java\jdk-11.0.14\bin\nio.dll
0x00007ff8fd2f0000 - 0x00007ff8fd2f9000 	C:\Program Files\Java\jdk-11.0.14\bin\management.dll
0x00007ff8f9b30000 - 0x00007ff8f9b3b000 	C:\Program Files\Java\jdk-11.0.14\bin\management_ext.dll
0x00007ff8efc10000 - 0x00007ff8efc27000 	C:\Windows\system32\napinsp.dll
0x00007ff8efbf0000 - 0x00007ff8efc0b000 	C:\Windows\system32\pnrpnsp.dll
0x00007ff9002f0000 - 0x00007ff900305000 	C:\Windows\system32\wshbth.dll
0x00007ff8fea80000 - 0x00007ff8fea9d000 	C:\Windows\system32\NLAapi.dll
0x00007ff904fb0000 - 0x00007ff904feb000 	C:\Windows\SYSTEM32\IPHLPAPI.DLL
0x00007ff904ff0000 - 0x00007ff9050ba000 	C:\Windows\SYSTEM32\DNSAPI.dll
0x00007ff906b40000 - 0x00007ff906b48000 	C:\Windows\System32\NSI.dll
0x00007ff8e9980000 - 0x00007ff8e9992000 	C:\Windows\System32\winrnr.dll
0x00007ff8fda80000 - 0x00007ff8fda8a000 	C:\Windows\System32\rasadhlp.dll
0x00007ff8f97a0000 - 0x00007ff8f9820000 	C:\Windows\System32\fwpuclnt.dll
0x00007ff9064a0000 - 0x00007ff9064c7000 	C:\Windows\System32\bcrypt.dll
0x00007ff905f80000 - 0x00007ff905f98000 	C:\Windows\SYSTEM32\CRYPTSP.dll
0x00007ff904c00000 - 0x00007ff904c34000 	C:\Windows\system32\rsaenh.dll
0x00007ff9060f0000 - 0x00007ff90611e000 	C:\Windows\SYSTEM32\USERENV.dll
0x00007ff905520000 - 0x00007ff90552c000 	C:\Windows\SYSTEM32\CRYPTBASE.dll
0x00007ff8fcc40000 - 0x00007ff8fcc57000 	C:\Windows\SYSTEM32\dhcpcsvc6.DLL
0x00007ff8fda90000 - 0x00007ff8fdaad000 	C:\Windows\SYSTEM32\dhcpcsvc.DLL
0x00007ff8fe950000 - 0x00007ff8fe95d000 	C:\Program Files\Java\jdk-11.0.14\bin\sunmscapi.dll
0x00007ff906220000 - 0x00007ff906376000 	C:\Windows\System32\CRYPT32.dll
0x00007ff9055d0000 - 0x00007ff9055f7000 	C:\Windows\SYSTEM32\ncrypt.dll
0x00007ff905590000 - 0x00007ff9055cb000 	C:\Windows\SYSTEM32\NTASN1.dll
0x00007ff8e45d0000 - 0x00007ff8e45f5000 	C:\Program Files\Java\jdk-11.0.14\bin\sunec.dll

dbghelp: loaded successfully - version: 4.0.5 - missing functions: none
symbol engine: initialized successfully - sym options: 0x614 - pdb path: .;C:\Program Files\Java\jdk-11.0.14\bin;C:\Windows\SYSTEM32;C:\Windows\WinSxS\amd64_microsoft.windows.common-controls_6595b64144ccf1df_6.0.19041.1110_none_60b5254171f9507e;C:\Program Files\Java\jdk-11.0.14\bin\server

VM Arguments:
jvm_args: -Dcom.sun.management.jmxremote -Dcom.sun.management.jmxremote.port=57907 -Dcom.sun.management.jmxremote.authenticate=false -Dcom.sun.management.jmxremote.ssl=false -Djava.rmi.server.hostname=localhost -Dspring.jmx.enabled=true -Dspring.application.admin.enabled=true -XX:TieredStopAtLevel=1 -Dspring.boot.project.name=HealthcareManagementSystem -Dfile.encoding=UTF-8 
java_command: com.klef.jfsd.springboot.HealthcareManagementSystemApplication
java_class_path (initial): D:\JFSDProjectWorkspace\HealthcareManagementSystem\target\classes;C:\Users\keerthi sree\.m2\repository\org\springframework\boot\spring-boot-starter-actuator\2.7.4\spring-boot-starter-actuator-2.7.4.jar;C:\Users\keerthi sree\.m2\repository\org\springframework\boot\spring-boot-starter\2.7.4\spring-boot-starter-2.7.4.jar;C:\Users\keerthi sree\.m2\repository\org\springframework\boot\spring-boot-starter-logging\2.7.4\spring-boot-starter-logging-2.7.4.jar;C:\Users\keerthi sree\.m2\repository\ch\qos\logback\logback-classic\1.2.11\logback-classic-1.2.11.jar;C:\Users\keerthi sree\.m2\repository\ch\qos\logback\logback-core\1.2.11\logback-core-1.2.11.jar;C:\Users\keerthi sree\.m2\repository\org\apache\logging\log4j\log4j-to-slf4j\2.17.2\log4j-to-slf4j-2.17.2.jar;C:\Users\keerthi sree\.m2\repository\org\apache\logging\log4j\log4j-api\2.17.2\log4j-api-2.17.2.jar;C:\Users\keerthi sree\.m2\repository\org\slf4j\jul-to-slf4j\1.7.36\jul-to-slf4j-1.7.36.jar;C:\Users\keerthi sree\.m2\repository\org\yaml\snakeyaml\1.30\snakeyaml-1.30.jar;C:\Users\keerthi sree\.m2\repository\org\springframework\boot\spring-boot-actuator-autoconfigure\2.7.4\spring-boot-actuator-autoconfigure-2.7.4.jar;C:\Users\keerthi sree\.m2\repository\org\springframework\boot\spring-boot-actuator\2.7.4\spring-boot-actuator-2.7.4.jar;C:\Users\keerthi sree\.m2\repository\com\fasterxml\jackson\core\jackson-databind\2.13.4\jackson-databind-2.13.4.jar;C:\Users\keerthi sree\.m2\repository\com\fasterxml\jackson\core\jackson-annotations\2.13.4\jackson-annotations-2.13.4.jar;C:\Users\keerthi sree\.m2\repository\com\fasterxml\jackson\core\jackson-core\2.13.4\jackson-core-2.13.4.jar;C:\Users\keerthi sree\.m2\repository\com\fasterxml\jackson\datatype\jackson-datatype-jsr310\2.13.4\jackson-datatype-jsr310-2.13.4.jar;C:\Users\keerthi sree\.m2\repository\io\micrometer\micrometer-core\1.9.4\micrometer-core-1.9.4.jar;C:\Users\keerthi sree\.m2\repository\org\hdrhistogram\HdrHistogram\2.1.12\HdrHistogram-2.1.
Launcher Type: SUN_STANDARD

[Global flags]
     intx CICompilerCount                          = 4                                         {product} {ergonomic}
     uint ConcGCThreads                            = 2                                         {product} {ergonomic}
     uint G1ConcRefinementThreads                  = 8                                         {product} {ergonomic}
   size_t G1HeapRegionSize                         = 1048576                                   {product} {ergonomic}
    uintx GCDrainStackTargetSize                   = 64                                        {product} {ergonomic}
   size_t InitialHeapSize                          = 132120576                                 {product} {ergonomic}
     bool ManagementServer                         = true                                      {product} {command line}
   size_t MarkStackSize                            = 4194304                                   {product} {ergonomic}
   size_t MaxHeapSize                              = 2086666240                                {product} {ergonomic}
   size_t MaxNewSize                               = 1251999744                                {product} {ergonomic}
   size_t MinHeapDeltaBytes                        = 1048576                                   {product} {ergonomic}
    uintx NonNMethodCodeHeapSize                   = 7549744                                {pd product} {ergonomic}
    uintx NonProfiledCodeHeapSize                  = 244108496                              {pd product} {ergonomic}
    uintx ProfiledCodeHeapSize                     = 0                                      {pd product} {ergonomic}
    uintx ReservedCodeCacheSize                    = 251658240                              {pd product} {ergonomic}
     bool SegmentedCodeCache                       = true                                      {product} {ergonomic}
     intx TieredStopAtLevel                        = 1                                         {product} {command line}
     bool UseCompressedClassPointers               = true                                 {lp64_product} {ergonomic}
     bool UseCompressedOops                        = true                                 {lp64_product} {ergonomic}
     bool UseG1GC                                  = true                                      {product} {ergonomic}
     bool UseLargePagesIndividualAllocation        = false                                  {pd product} {ergonomic}

Logging:
Log output configuration:
 #0: stdout all=warning uptime,level,tags
 #1: stderr all=off uptime,level,tags

Environment Variables:
JAVA_HOME=C:\Program Files\Java\jdk-11.0.14
CLASSPATH=C:\Program Files\Java\jdk-11.0.14\bin
PATH=C:\Program Files\Common Files\Oracle\Java\javapath;C:\Program Files (x86)\Common Files\Oracle\Java\javapath;C:\Windows\system32;C:\Windows;C:\Windows\System32\Wbem;C:\Windows\System32\WindowsPowerShell\v1.0\;C:\Windows\System32\OpenSSH\;C:\Program Files\NVIDIA Corporation\NVIDIA NvDLISR;C:\Program Files\PuTTY\;C:\Program Files\Git\cmd;C:\ProgramData\chocolatey\bin;C:\Program Files\MySQL\MySQL Shell 8.0\bin\;C:\Users\Public\anaconda3;C:\Users\Public\anaconda3\Library\mingw-w64\bin;C:\Users\Public\anaconda3\Library\usr\bin;C:\Users\Public\anaconda3\Library\bin;C:\Users\Public\anaconda3\Scripts;C:\Users\keerthi sree\AppData\Local\Programs\Python\Python310\Scripts\;C:\Users\keerthi sree\AppData\Local\Programs\Python\Python310\;C:\Users\keerthi sree\AppData\Local\Microsoft\WindowsApps;C:\Users\keerthi sree\AppData\Local\Programs\Microsoft VS Code\bin;C:\Program Files\sfdx\bin;D:\apache-maven-3.8.6\bin;C:\Program Files\Java\jdk-11.0.14\lib;C:\Program Files\JetBrains\PyCharm Community Edition 2022.1.3\bin;;D:\flutter\bin
USERNAME=keerthi sree
OS=Windows_NT
PROCESSOR_IDENTIFIER=Intel64 Family 6 Model 126 Stepping 5, GenuineIntel



---------------  S Y S T E M  ---------------

OS: Windows 10 , 64 bit Build 19041 (10.0.19041.1889)

CPU:total 8 (initial active 8) (4 cores per cpu, 2 threads per core) family 6 model 126 stepping 5 microcode 0xb2, cmov, cx8, fxsr, mmx, sse, sse2, sse3, ssse3, sse4.1, sse4.2, popcnt, avx, avx2, aes, clmul, erms, 3dnowpref, lzcnt, ht, tsc, tscinvbit, bmi1, bmi2, adx, evex, sha, fma

Memory: 4k page, system-wide physical 7959M (1016M free)
TotalPageFile size 12055M (AvailPageFile size 7M)
current process WorkingSet (physical memory assigned to process): 305M, peak: 305M
current process commit charge ("private bytes"): 355M, peak: 380M

vm_info: Java HotSpot(TM) 64-Bit Server VM (11.0.14+8-LTS-263) for windows-amd64 JRE (11.0.14+8-LTS-263), built on Dec  7 2021 21:53:57 by "mach5one" with MS VC++ 15.9 (VS2017)

END.
