#
# There is insufficient memory for the Java Runtime Environment to continue.
# Native memory allocation (malloc) failed to allocate 2097152 bytes for AllocateHeap
# Possible reasons:
#   The system is out of physical RAM or swap space
#   The process is running with CompressedOops enabled, and the Java Heap may be blocking the growth of the native heap
# Possible solutions:
#   Reduce memory load on the system
#   Increase physical memory or swap space
#   Check if swap backing store is full
#   Decrease Java heap size (-Xmx/-Xms)
#   Decrease number of Java threads
#   Decrease Java thread stack sizes (-Xss)
#   Set larger code cache with -XX:ReservedCodeCacheSize=
#   JVM is running with Unscaled Compressed Oops mode in which the Java heap is
#     placed in the first 4GB address space. The Java Heap base address is the
#     maximum limit for the native heap growth. Please use -XX:HeapBaseMinAddress
#     to set the Java Heap base and to place the Java Heap above 4GB virtual address.
# This output file may be truncated or incomplete.
#
#  Out of Memory Error (./open/src/hotspot/share/memory/allocation.cpp:46), pid=736, tid=153368
#
# JRE version: Java(TM) SE Runtime Environment 18.9 (11.0.14+8) (build 11.0.14+8-LTS-263)
# Java VM: Java HotSpot(TM) 64-Bit Server VM 18.9 (11.0.14+8-LTS-263, mixed mode, tiered, compressed oops, g1 gc, windows-amd64)
# No core dump will be written. Minidumps are not enabled by default on client versions of Windows
#

---------------  S U M M A R Y ------------

Command Line: -Dcom.sun.management.jmxremote -Dcom.sun.management.jmxremote.port=61804 -Dcom.sun.management.jmxremote.authenticate=false -Dcom.sun.management.jmxremote.ssl=false -Djava.rmi.server.hostname=localhost -Dspring.jmx.enabled=true -Dspring.application.admin.enabled=true -XX:TieredStopAtLevel=1 -Dspring.boot.project.name=HealthcareManagementSystem -Dfile.encoding=UTF-8 com.klef.jfsd.springboot.HealthcareManagementSystemApplication

Host: Intel(R) Core(TM) i5-1035G1 CPU @ 1.00GHz, 8 cores, 7G,  Windows 10 , 64 bit Build 19041 (10.0.19041.1889)
Time: Sun Oct 30 02:14:34 2022 India Standard Time elapsed time: 4529.428556 seconds (0d 1h 15m 29s)

---------------  T H R E A D  ---------------

Current thread (0x00000235e89e2800):  VMThread "VM Thread" [stack: 0x000000910c600000,0x000000910c700000] [id=153368]

Stack: [0x000000910c600000,0x000000910c700000]
[error occurred during error reporting (printing stack bounds), id 0xc0000005, EXCEPTION_ACCESS_VIOLATION (0xc0000005) at pc=0x00000235d1a910e7]

Native frames: (J=compiled Java code, j=interpreted, Vv=VM code, C=native code)
V  [jvm.dll+0x6296da]
V  [jvm.dll+0x76323f]
V  [jvm.dll+0x7648e9]
V  [jvm.dll+0x764ed5]
V  [jvm.dll+0x764e8b]
V  [jvm.dll+0x628c23]
V  [jvm.dll+0x6292d8]
C  [ntdll.dll+0xa235f]
C  [ntdll.dll+0x514a4]
C  [ntdll.dll+0xa0e8e]
C  0x00000235d1a910e7

VM_Operation (0x000000910dffeef0): G1CollectFull, mode: safepoint, requested by thread 0x00000235efe55800


---------------  P R O C E S S  ---------------

Threads class SMR info:
_java_thread_list=0x00000235f016a1c0, length=21, elements={
0x00000235e89e4800, 0x00000235e89e6000, 0x00000235e9268800, 0x00000235e926b800,
0x00000235e926c800, 0x00000235e926e000, 0x00000235e927a000, 0x00000235e89a1000,
0x00000235e9ad4000, 0x00000235e9b23000, 0x00000235e9b03800, 0x00000235ed068800,
0x00000235ed2eb800, 0x00000235edb72800, 0x00000235edb73000, 0x00000235edb79800,
0x00000235edb79000, 0x00000235edb6f000, 0x00000235edb70800, 0x00000235efe54000,
0x00000235efe55800
}

Java Threads: ( => current thread )
  0x00000235e89e4800 JavaThread "Reference Handler" daemon [_thread_blocked, id=147980, stack(0x000000910c700000,0x000000910c800000)]
  0x00000235e89e6000 JavaThread "Finalizer" daemon [_thread_blocked, id=57288, stack(0x000000910c800000,0x000000910c900000)]
  0x00000235e9268800 JavaThread "Signal Dispatcher" daemon [_thread_blocked, id=112128, stack(0x000000910c900000,0x000000910ca00000)]
  0x00000235e926b800 JavaThread "Attach Listener" daemon [_thread_blocked, id=148568, stack(0x000000910ca00000,0x000000910cb00000)]
  0x00000235e926c800 JavaThread "Service Thread" daemon [_thread_blocked, id=150180, stack(0x000000910cb00000,0x000000910cc00000)]
  0x00000235e926e000 JavaThread "C1 CompilerThread0" daemon [_thread_blocked, id=148008, stack(0x000000910cc00000,0x000000910cd00000)]
  0x00000235e927a000 JavaThread "Sweeper thread" daemon [_thread_blocked, id=152820, stack(0x000000910cd00000,0x000000910ce00000)]
  0x00000235e89a1000 JavaThread "Common-Cleaner" daemon [_thread_blocked, id=134112, stack(0x000000910ce00000,0x000000910cf00000)]
  0x00000235e9ad4000 JavaThread "RMI TCP Accept-0" daemon [_thread_in_native, id=133504, stack(0x000000910cf00000,0x000000910d000000)]
  0x00000235e9b23000 JavaThread "RMI TCP Accept-61804" daemon [_thread_in_native, id=148528, stack(0x000000910d000000,0x000000910d100000)]
  0x00000235e9b03800 JavaThread "RMI TCP Accept-0" daemon [_thread_in_native, id=153092, stack(0x000000910d100000,0x000000910d200000)]
  0x00000235ed068800 JavaThread "mysql-cj-abandoned-connection-cleanup" daemon [_thread_blocked, id=151528, stack(0x000000910da00000,0x000000910db00000)]
  0x00000235ed2eb800 JavaThread "Live Reload Server" daemon [_thread_in_native, id=135708, stack(0x000000910e600000,0x000000910e700000)]
  0x00000235edb72800 JavaThread "DestroyJavaVM" [_thread_blocked, id=149228, stack(0x000000910c000000,0x000000910c100000)]
  0x00000235edb73000 JavaThread "RMI Scheduler(0)" daemon [_thread_blocked, id=149708, stack(0x000000910f200000,0x000000910f300000)]
  0x00000235edb79800 JavaThread "RMI TCP Connection(idle)" daemon [_thread_blocked, id=148056, stack(0x000000910f300000,0x000000910f400000)]
  0x00000235edb79000 JavaThread "JMX server connection timeout 48" daemon [_thread_blocked, id=147788, stack(0x000000910f400000,0x000000910f500000)]
  0x00000235edb6f000 JavaThread "File Watcher" daemon [_thread_blocked, id=154408, stack(0x000000910bf00000,0x000000910c000000)]
  0x00000235edb70800 JavaThread "File Watcher" daemon [_thread_blocked, id=154060, stack(0x000000910d500000,0x000000910d600000)]
  0x00000235efe54000 JavaThread "File Watcher" daemon [_thread_blocked, id=155120, stack(0x000000910d600000,0x000000910d700000)]
  0x00000235efe55800 JavaThread "Thread-152" [_thread_blocked, id=164232, stack(0x000000910df00000,0x000000910e000000)]

Other Threads:
=>0x00000235e89e2800 VMThread "VM Thread" [stack: 0x000000910c600000,0x000000910c700000] [id=153368]
  0x00000235e9b0f000 WatcherThread [stack: 0x000000910d200000,0x000000910d300000] [id=110304]
  0x00000235c8c2b000 GCTaskThread "GC Thread#0" [stack: 0x000000910c100000,0x000000910c200000] [id=148800]
  0x00000235e9eed800 GCTaskThread "GC Thread#1" [stack: 0x000000910d300000,0x000000910d400000] [id=146480]
  0x00000235e9f02000 GCTaskThread "GC Thread#2" [stack: 0x000000910d400000,0x000000910d500000] [id=149492]
  0x00000235eaa26800 GCTaskThread "GC Thread#3" [stack: 0x000000910d700000,0x000000910d800000] [id=141752]
  0x00000235eaa27000 GCTaskThread "GC Thread#4" [stack: 0x000000910d800000,0x000000910d900000] [id=112464]
  0x00000235eaa30000 GCTaskThread "GC Thread#5" [stack: 0x000000910d900000,0x000000910da00000] [id=101580]
  0x00000235eac8e000 GCTaskThread "GC Thread#6" [stack: 0x000000910db00000,0x000000910dc00000] [id=148720]
  0x00000235eacaf800 GCTaskThread "GC Thread#7" [stack: 0x000000910dc00000,0x000000910dd00000] [id=143644]
  0x00000235c8c5b800 ConcurrentGCThread "G1 Main Marker" [stack: 0x000000910c200000,0x000000910c300000] [id=139756]
  0x00000235c8c5d000 ConcurrentGCThread "G1 Conc#0" [stack: 0x000000910c300000,0x000000910c400000] [id=141148]
  0x00000235eacb0000 ConcurrentGCThread "G1 Conc#1" [stack: 0x000000910dd00000,0x000000910de00000] [id=135064]
  0x00000235c8cee000 ConcurrentGCThread "G1 Refine#0" [stack: 0x000000910c400000,0x000000910c500000] [id=143768]
  0x00000235e884f800 ConcurrentGCThread "G1 Young RemSet Sampling" [stack: 0x000000910c500000,0x000000910c600000] [id=147372]

Threads with active compile tasks:
C1 CompilerThread04529445 18251   !   1       com.mysql.cj.jdbc.ConnectionImpl::realClose (368 bytes)

VM state:at safepoint (normal execution)

VM Mutex/Monitor currently owned by a thread:  ([mutex/lock_event])
[0x00000235c8c12f50] Threads_lock - owner thread: 0x00000235e89e2800
[0x00000235c8c12b60] Heap_lock - owner thread: 0x00000235efe55800

Heap address: 0x0000000083a00000, size: 1990 MB, Compressed Oops mode: 32-bit
Narrow klass base: 0x0000000000000000, Narrow klass shift: 3
Compressed class space size: 1073741824 Address: 0x0000000100000000

Heap:
 garbage-first heap   total 167936K, used 123853K [0x0000000083a00000, 0x0000000100000000)
  region size 1024K, 63 young (64512K), 4 survivors (4096K)
 Metaspace       used 91243K, capacity 97381K, committed 98012K, reserved 1134592K
  class space    used 11662K, capacity 13417K, committed 13644K, reserved 1048576K
Heap Regions: E=young(eden), S=young(survivor), O=old, HS=humongous(starts), HC=humongous(continues), CS=collection set, F=free, A=archive, TAMS=top-at-mark-start (previous, next)
|   0|0x0000000083a00000, 0x0000000083b00000, 0x0000000083b00000|100%|HS|  |TAMS 0x0000000083a00000, 0x0000000083a00000| Untracked 
|   1|0x0000000083b00000, 0x0000000083bfffb0, 0x0000000083c00000| 99%| O|  |TAMS 0x0000000083b00000, 0x0000000083b00000| Untracked 
|   2|0x0000000083c00000, 0x0000000083cff208, 0x0000000083d00000| 99%| O|  |TAMS 0x0000000083c00000, 0x0000000083c00000| Untracked 
|   3|0x0000000083d00000, 0x0000000083dffff0, 0x0000000083e00000| 99%| O|  |TAMS 0x0000000083d00000, 0x0000000083d00000| Untracked 
|   4|0x0000000083e00000, 0x0000000083effff0, 0x0000000083f00000| 99%| O|  |TAMS 0x0000000083e00000, 0x0000000083e00000| Untracked 
|   5|0x0000000083f00000, 0x0000000083fffff8, 0x0000000084000000| 99%| O|  |TAMS 0x0000000083f00000, 0x0000000083f00000| Untracked 
|   6|0x0000000084000000, 0x00000000840ffff8, 0x0000000084100000| 99%| O|  |TAMS 0x0000000084000000, 0x0000000084000000| Untracked 
|   7|0x0000000084100000, 0x00000000841fffb8, 0x0000000084200000| 99%| O|  |TAMS 0x0000000084100000, 0x0000000084100000| Untracked 
|   8|0x0000000084200000, 0x00000000842fffa0, 0x0000000084300000| 99%| O|  |TAMS 0x0000000084200000, 0x0000000084200000| Untracked 
|   9|0x0000000084300000, 0x00000000843fffe0, 0x0000000084400000| 99%| O|  |TAMS 0x0000000084300000, 0x0000000084300000| Untracked 
|  10|0x0000000084400000, 0x00000000844ffff8, 0x0000000084500000| 99%| O|  |TAMS 0x0000000084400000, 0x0000000084400000| Untracked 
|  11|0x0000000084500000, 0x00000000845ffff8, 0x0000000084600000| 99%| O|  |TAMS 0x0000000084500000, 0x0000000084500000| Untracked 
|  12|0x0000000084600000, 0x00000000846ffff8, 0x0000000084700000| 99%| O|  |TAMS 0x0000000084600000, 0x0000000084600000| Untracked 
|  13|0x0000000084700000, 0x0000000084800000, 0x0000000084800000|100%| O|  |TAMS 0x0000000084700000, 0x0000000084700000| Untracked 
|  14|0x0000000084800000, 0x00000000848fffc8, 0x0000000084900000| 99%| O|  |TAMS 0x0000000084800000, 0x0000000084800000| Untracked 
|  15|0x0000000084900000, 0x00000000849fff90, 0x0000000084a00000| 99%| O|  |TAMS 0x0000000084900000, 0x0000000084900000| Untracked 
|  16|0x0000000084a00000, 0x0000000084afffd0, 0x0000000084b00000| 99%| O|  |TAMS 0x0000000084a00000, 0x0000000084a00000| Untracked 
|  17|0x0000000084b00000, 0x0000000084bfffd8, 0x0000000084c00000| 99%| O|  |TAMS 0x0000000084b00000, 0x0000000084b00000| Untracked 
|  18|0x0000000084c00000, 0x0000000084cffff0, 0x0000000084d00000| 99%| O|  |TAMS 0x0000000084c00000, 0x0000000084c00000| Untracked 
|  19|0x0000000084d00000, 0x0000000084dffff0, 0x0000000084e00000| 99%| O|  |TAMS 0x0000000084d00000, 0x0000000084d00000| Untracked 
|  20|0x0000000084e00000, 0x0000000084efff80, 0x0000000084f00000| 99%| O|  |TAMS 0x0000000084e00000, 0x0000000084e00000| Untracked 
|  21|0x0000000084f00000, 0x0000000084fffff0, 0x0000000085000000| 99%| O|  |TAMS 0x0000000084f00000, 0x0000000084f00000| Untracked 
|  22|0x0000000085000000, 0x0000000085100000, 0x0000000085100000|100%| O|  |TAMS 0x0000000085000000, 0x0000000085000000| Untracked 
|  23|0x0000000085100000, 0x00000000851ffff0, 0x0000000085200000| 99%| O|  |TAMS 0x0000000085100000, 0x0000000085100000| Untracked 
|  24|0x0000000085200000, 0x00000000852fffe8, 0x0000000085300000| 99%| O|  |TAMS 0x0000000085200000, 0x0000000085200000| Untracked 
|  25|0x0000000085300000, 0x0000000085400000, 0x0000000085400000|100%| O|  |TAMS 0x0000000085300000, 0x0000000085300000| Untracked 
|  26|0x0000000085400000, 0x00000000854fffe8, 0x0000000085500000| 99%| O|  |TAMS 0x0000000085400000, 0x0000000085400000| Untracked 
|  27|0x0000000085500000, 0x00000000855ffff0, 0x0000000085600000| 99%| O|  |TAMS 0x0000000085500000, 0x0000000085500000| Untracked 
|  28|0x0000000085600000, 0x0000000085700000, 0x0000000085700000|100%| O|  |TAMS 0x0000000085600000, 0x0000000085600000| Untracked 
|  29|0x0000000085700000, 0x00000000857ffff8, 0x0000000085800000| 99%| O|  |TAMS 0x0000000085700000, 0x0000000085700000| Untracked 
|  30|0x0000000085800000, 0x00000000858fffd8, 0x0000000085900000| 99%| O|  |TAMS 0x0000000085800000, 0x0000000085800000| Untracked 
|  31|0x0000000085900000, 0x00000000859ffff8, 0x0000000085a00000| 99%| O|  |TAMS 0x0000000085900000, 0x0000000085900000| Untracked 
|  32|0x0000000085a00000, 0x0000000085affff8, 0x0000000085b00000| 99%| O|  |TAMS 0x0000000085a00000, 0x0000000085a00000| Untracked 
|  33|0x0000000085b00000, 0x0000000085bffc18, 0x0000000085c00000| 99%| O|  |TAMS 0x0000000085b00000, 0x0000000085b00000| Untracked 
|  34|0x0000000085c00000, 0x0000000085cfffe8, 0x0000000085d00000| 99%| O|  |TAMS 0x0000000085c00000, 0x0000000085c00000| Untracked 
|  35|0x0000000085d00000, 0x0000000085dffff0, 0x0000000085e00000| 99%| O|  |TAMS 0x0000000085d00000, 0x0000000085d00000| Untracked 
|  36|0x0000000085e00000, 0x0000000085effff8, 0x0000000085f00000| 99%| O|  |TAMS 0x0000000085e00000, 0x0000000085e00000| Untracked 
|  37|0x0000000085f00000, 0x0000000085fffff8, 0x0000000086000000| 99%| O|  |TAMS 0x0000000085f00000, 0x0000000085f00000| Untracked 
|  38|0x0000000086000000, 0x0000000086100000, 0x0000000086100000|100%| O|  |TAMS 0x0000000086000000, 0x0000000086000000| Untracked 
|  39|0x0000000086100000, 0x00000000861ffff8, 0x0000000086200000| 99%| O|  |TAMS 0x0000000086100000, 0x0000000086100000| Untracked 
|  40|0x0000000086200000, 0x00000000862ffff8, 0x0000000086300000| 99%| O|  |TAMS 0x0000000086200000, 0x0000000086200000| Untracked 
|  41|0x0000000086300000, 0x00000000863ffff8, 0x0000000086400000| 99%| O|  |TAMS 0x0000000086300000, 0x0000000086300000| Untracked 
|  42|0x0000000086400000, 0x00000000864fffe8, 0x0000000086500000| 99%| O|  |TAMS 0x0000000086400000, 0x0000000086400000| Untracked 
|  43|0x0000000086500000, 0x00000000865ffff8, 0x0000000086600000| 99%| O|  |TAMS 0x0000000086500000, 0x0000000086500000| Untracked 
|  44|0x0000000086600000, 0x0000000086700000, 0x0000000086700000|100%| O|  |TAMS 0x0000000086600000, 0x0000000086600000| Untracked 
|  45|0x0000000086700000, 0x00000000867fe1a8, 0x0000000086800000| 99%| O|  |TAMS 0x0000000086700000, 0x0000000086700000| Untracked 
|  46|0x0000000086800000, 0x00000000868ffff8, 0x0000000086900000| 99%| O|  |TAMS 0x0000000086800000, 0x0000000086800000| Untracked 
|  47|0x0000000086900000, 0x0000000086a00000, 0x0000000086a00000|100%| O|  |TAMS 0x0000000086900000, 0x0000000086900000| Untracked 
|  48|0x0000000086a00000, 0x0000000086affff8, 0x0000000086b00000| 99%| O|  |TAMS 0x0000000086a00000, 0x0000000086a00000| Untracked 
|  49|0x0000000086b00000, 0x0000000086c00000, 0x0000000086c00000|100%| O|  |TAMS 0x0000000086b00000, 0x0000000086b00000| Untracked 
|  50|0x0000000086c00000, 0x0000000086cfffe0, 0x0000000086d00000| 99%| O|  |TAMS 0x0000000086c00000, 0x0000000086c00000| Untracked 
|  51|0x0000000086d00000, 0x0000000086e00000, 0x0000000086e00000|100%| O|  |TAMS 0x0000000086d00000, 0x0000000086d00000| Untracked 
|  52|0x0000000086e00000, 0x0000000086f00000, 0x0000000086f00000|100%| O|  |TAMS 0x0000000086e00000, 0x0000000086e00000| Untracked 
|  53|0x0000000086f00000, 0x0000000086ffffe8, 0x0000000087000000| 99%| O|  |TAMS 0x0000000086f00000, 0x0000000086f00000| Untracked 
|  54|0x0000000087000000, 0x00000000870ffff0, 0x0000000087100000| 99%| O|  |TAMS 0x0000000087000000, 0x0000000087000000| Untracked 
|  55|0x0000000087100000, 0x00000000871c2790, 0x0000000087200000| 75%| O|  |TAMS 0x0000000087100000, 0x0000000087100000| Untracked 
|  56|0x0000000087200000, 0x0000000087200000, 0x0000000087300000|  0%| F|  |TAMS 0x0000000087200000, 0x0000000087200000| Untracked 
|  57|0x0000000087300000, 0x0000000087300000, 0x0000000087400000|  0%| F|  |TAMS 0x0000000087300000, 0x0000000087300000| Untracked 
|  58|0x0000000087400000, 0x0000000087400000, 0x0000000087500000|  0%| F|  |TAMS 0x0000000087400000, 0x0000000087400000| Untracked 
|  59|0x0000000087500000, 0x00000000875ffff8, 0x0000000087600000| 99%| O|  |TAMS 0x0000000087500000, 0x0000000087500000| Untracked 
|  60|0x0000000087600000, 0x00000000876acdb0, 0x0000000087700000| 67%| O|  |TAMS 0x0000000087600000, 0x0000000087600000| Untracked 
|  61|0x0000000087700000, 0x0000000087700000, 0x0000000087800000|  0%| F|  |TAMS 0x0000000087700000, 0x0000000087700000| Untracked 
|  62|0x0000000087800000, 0x00000000878fffe8, 0x0000000087900000| 99%| O|  |TAMS 0x0000000087800000, 0x0000000087800000| Untracked 
|  63|0x0000000087900000, 0x00000000879c3cd8, 0x0000000087a00000| 76%| O|  |TAMS 0x0000000087900000, 0x0000000087900000| Untracked 
|  64|0x0000000087a00000, 0x0000000087a00000, 0x0000000087b00000|  0%| F|  |TAMS 0x0000000087a00000, 0x0000000087a00000| Untracked 
|  65|0x0000000087b00000, 0x0000000087b00000, 0x0000000087c00000|  0%| F|  |TAMS 0x0000000087b00000, 0x0000000087b00000| Untracked 
|  66|0x0000000087c00000, 0x0000000087c00000, 0x0000000087d00000|  0%| F|  |TAMS 0x0000000087c00000, 0x0000000087c00000| Untracked 
|  67|0x0000000087d00000, 0x0000000087d00000, 0x0000000087e00000|  0%| F|  |TAMS 0x0000000087d00000, 0x0000000087d00000| Untracked 
|  68|0x0000000087e00000, 0x0000000087e00000, 0x0000000087f00000|  0%| F|  |TAMS 0x0000000087e00000, 0x0000000087e00000| Untracked 
|  69|0x0000000087f00000, 0x0000000087f00000, 0x0000000088000000|  0%| F|  |TAMS 0x0000000087f00000, 0x0000000087f00000| Untracked 
|  70|0x0000000088000000, 0x0000000088000000, 0x0000000088100000|  0%| F|  |TAMS 0x0000000088000000, 0x0000000088000000| Untracked 
|  71|0x0000000088100000, 0x0000000088100000, 0x0000000088200000|  0%| F|  |TAMS 0x0000000088100000, 0x0000000088100000| Untracked 
|  72|0x0000000088200000, 0x0000000088200000, 0x0000000088300000|  0%| F|  |TAMS 0x0000000088200000, 0x0000000088200000| Untracked 
|  73|0x0000000088300000, 0x0000000088300000, 0x0000000088400000|  0%| F|  |TAMS 0x0000000088300000, 0x0000000088300000| Untracked 
|  74|0x0000000088400000, 0x0000000088400000, 0x0000000088500000|  0%| F|  |TAMS 0x0000000088400000, 0x0000000088400000| Untracked 
|  75|0x0000000088500000, 0x0000000088500000, 0x0000000088600000|  0%| F|  |TAMS 0x0000000088500000, 0x0000000088500000| Untracked 
|  76|0x0000000088600000, 0x0000000088600000, 0x0000000088700000|  0%| F|  |TAMS 0x0000000088600000, 0x0000000088600000| Untracked 
|  77|0x0000000088700000, 0x0000000088700000, 0x0000000088800000|  0%| F|  |TAMS 0x0000000088700000, 0x0000000088700000| Untracked 
|  78|0x0000000088800000, 0x0000000088800000, 0x0000000088900000|  0%| F|  |TAMS 0x0000000088800000, 0x0000000088800000| Untracked 
|  79|0x0000000088900000, 0x0000000088900000, 0x0000000088a00000|  0%| F|  |TAMS 0x0000000088900000, 0x0000000088900000| Untracked 
|  80|0x0000000088a00000, 0x0000000088a00000, 0x0000000088b00000|  0%| F|  |TAMS 0x0000000088a00000, 0x0000000088a00000| Untracked 
|  81|0x0000000088b00000, 0x0000000088b00000, 0x0000000088c00000|  0%| F|  |TAMS 0x0000000088b00000, 0x0000000088b00000| Untracked 
|  82|0x0000000088c00000, 0x0000000088c00000, 0x0000000088d00000|  0%| F|  |TAMS 0x0000000088c00000, 0x0000000088c00000| Untracked 
|  83|0x0000000088d00000, 0x0000000088d00000, 0x0000000088e00000|  0%| F|  |TAMS 0x0000000088d00000, 0x0000000088d00000| Untracked 
|  84|0x0000000088e00000, 0x0000000088e6d960, 0x0000000088f00000| 42%| S|CS|TAMS 0x0000000088e00000, 0x0000000088e00000| Complete 
|  85|0x0000000088f00000, 0x0000000089000000, 0x0000000089000000|100%| S|CS|TAMS 0x0000000088f00000, 0x0000000088f00000| Complete 
|  86|0x0000000089000000, 0x0000000089100000, 0x0000000089100000|100%| S|CS|TAMS 0x0000000089000000, 0x0000000089000000| Complete 
|  87|0x0000000089100000, 0x0000000089200000, 0x0000000089200000|100%| S|CS|TAMS 0x0000000089100000, 0x0000000089100000| Complete 
|  88|0x0000000089200000, 0x0000000089200000, 0x0000000089300000|  0%| F|  |TAMS 0x0000000089200000, 0x0000000089200000| Untracked 
|  89|0x0000000089300000, 0x0000000089300000, 0x0000000089400000|  0%| F|  |TAMS 0x0000000089300000, 0x0000000089300000| Untracked 
|  90|0x0000000089400000, 0x0000000089400000, 0x0000000089500000|  0%| F|  |TAMS 0x0000000089400000, 0x0000000089400000| Untracked 
|  91|0x0000000089500000, 0x0000000089500000, 0x0000000089600000|  0%| F|  |TAMS 0x0000000089500000, 0x0000000089500000| Untracked 
|  92|0x0000000089600000, 0x0000000089600000, 0x0000000089700000|  0%| F|  |TAMS 0x0000000089600000, 0x0000000089600000| Untracked 
|  93|0x0000000089700000, 0x0000000089700000, 0x0000000089800000|  0%| F|  |TAMS 0x0000000089700000, 0x0000000089700000| Untracked 
|  94|0x0000000089800000, 0x0000000089800000, 0x0000000089900000|  0%| F|  |TAMS 0x0000000089800000, 0x0000000089800000| Untracked 
|  95|0x0000000089900000, 0x0000000089900000, 0x0000000089a00000|  0%| F|  |TAMS 0x0000000089900000, 0x0000000089900000| Untracked 
|  96|0x0000000089a00000, 0x0000000089a00000, 0x0000000089b00000|  0%| F|  |TAMS 0x0000000089a00000, 0x0000000089a00000| Untracked 
|  97|0x0000000089b00000, 0x0000000089b00000, 0x0000000089c00000|  0%| F|  |TAMS 0x0000000089b00000, 0x0000000089b00000| Untracked 
|  98|0x0000000089c00000, 0x0000000089c00000, 0x0000000089d00000|  0%| F|  |TAMS 0x0000000089c00000, 0x0000000089c00000| Untracked 
|  99|0x0000000089d00000, 0x0000000089d00000, 0x0000000089e00000|  0%| F|  |TAMS 0x0000000089d00000, 0x0000000089d00000| Untracked 
| 100|0x0000000089e00000, 0x0000000089e00000, 0x0000000089f00000|  0%| F|  |TAMS 0x0000000089e00000, 0x0000000089e00000| Untracked 
| 101|0x0000000089f00000, 0x0000000089f00000, 0x000000008a000000|  0%| F|  |TAMS 0x0000000089f00000, 0x0000000089f00000| Untracked 
| 102|0x000000008a000000, 0x000000008a000000, 0x000000008a100000|  0%| F|  |TAMS 0x000000008a000000, 0x000000008a000000| Untracked 
| 103|0x000000008a100000, 0x000000008a100000, 0x000000008a200000|  0%| F|  |TAMS 0x000000008a100000, 0x000000008a100000| Untracked 
| 104|0x000000008a200000, 0x000000008a255fa0, 0x000000008a300000| 33%| O|  |TAMS 0x000000008a200000, 0x000000008a200000| Untracked 
| 105|0x000000008a300000, 0x000000008a400000, 0x000000008a400000|100%| E|  |TAMS 0x000000008a300000, 0x000000008a300000| Complete 
| 106|0x000000008a400000, 0x000000008a500000, 0x000000008a500000|100%| E|CS|TAMS 0x000000008a400000, 0x000000008a400000| Complete 
| 107|0x000000008a500000, 0x000000008a600000, 0x000000008a600000|100%| E|CS|TAMS 0x000000008a500000, 0x000000008a500000| Complete 
| 108|0x000000008a600000, 0x000000008a700000, 0x000000008a700000|100%| E|CS|TAMS 0x000000008a600000, 0x000000008a600000| Complete 
| 109|0x000000008a700000, 0x000000008a800000, 0x000000008a800000|100%| E|CS|TAMS 0x000000008a700000, 0x000000008a700000| Complete 
| 110|0x000000008a800000, 0x000000008a900000, 0x000000008a900000|100%| E|CS|TAMS 0x000000008a800000, 0x000000008a800000| Complete 
| 111|0x000000008a900000, 0x000000008aa00000, 0x000000008aa00000|100%| E|CS|TAMS 0x000000008a900000, 0x000000008a900000| Complete 
| 112|0x000000008aa00000, 0x000000008ab00000, 0x000000008ab00000|100%| E|CS|TAMS 0x000000008aa00000, 0x000000008aa00000| Complete 
| 113|0x000000008ab00000, 0x000000008ac00000, 0x000000008ac00000|100%| E|CS|TAMS 0x000000008ab00000, 0x000000008ab00000| Complete 
| 114|0x000000008ac00000, 0x000000008ad00000, 0x000000008ad00000|100%| E|CS|TAMS 0x000000008ac00000, 0x000000008ac00000| Complete 
| 115|0x000000008ad00000, 0x000000008ae00000, 0x000000008ae00000|100%| E|CS|TAMS 0x000000008ad00000, 0x000000008ad00000| Complete 
| 116|0x000000008ae00000, 0x000000008af00000, 0x000000008af00000|100%| E|CS|TAMS 0x000000008ae00000, 0x000000008ae00000| Complete 
| 117|0x000000008af00000, 0x000000008b000000, 0x000000008b000000|100%| E|CS|TAMS 0x000000008af00000, 0x000000008af00000| Complete 
| 118|0x000000008b000000, 0x000000008b100000, 0x000000008b100000|100%| E|CS|TAMS 0x000000008b000000, 0x000000008b000000| Complete 
| 119|0x000000008b100000, 0x000000008b200000, 0x000000008b200000|100%| E|CS|TAMS 0x000000008b100000, 0x000000008b100000| Complete 
| 120|0x000000008b200000, 0x000000008b300000, 0x000000008b300000|100%| E|CS|TAMS 0x000000008b200000, 0x000000008b200000| Complete 
| 121|0x000000008b300000, 0x000000008b400000, 0x000000008b400000|100%| E|CS|TAMS 0x000000008b300000, 0x000000008b300000| Complete 
| 122|0x000000008b400000, 0x000000008b500000, 0x000000008b500000|100%| E|CS|TAMS 0x000000008b400000, 0x000000008b400000| Complete 
| 123|0x000000008b500000, 0x000000008b600000, 0x000000008b600000|100%| E|CS|TAMS 0x000000008b500000, 0x000000008b500000| Complete 
| 124|0x000000008b600000, 0x000000008b700000, 0x000000008b700000|100%| E|CS|TAMS 0x000000008b600000, 0x000000008b600000| Complete 
| 125|0x000000008b700000, 0x000000008b800000, 0x000000008b800000|100%| E|CS|TAMS 0x000000008b700000, 0x000000008b700000| Complete 
| 126|0x000000008b800000, 0x000000008b900000, 0x000000008b900000|100%| E|CS|TAMS 0x000000008b800000, 0x000000008b800000| Complete 
| 127|0x000000008b900000, 0x000000008ba00000, 0x000000008ba00000|100%| E|CS|TAMS 0x000000008b900000, 0x000000008b900000| Complete 
| 128|0x000000008ba00000, 0x000000008bb00000, 0x000000008bb00000|100%| E|CS|TAMS 0x000000008ba00000, 0x000000008ba00000| Complete 
| 129|0x000000008bb00000, 0x000000008bc00000, 0x000000008bc00000|100%| E|CS|TAMS 0x000000008bb00000, 0x000000008bb00000| Complete 
| 130|0x000000008bc00000, 0x000000008bd00000, 0x000000008bd00000|100%| E|CS|TAMS 0x000000008bc00000, 0x000000008bc00000| Complete 
| 131|0x000000008bd00000, 0x000000008be00000, 0x000000008be00000|100%| E|CS|TAMS 0x000000008bd00000, 0x000000008bd00000| Complete 
| 132|0x000000008be00000, 0x000000008bf00000, 0x000000008bf00000|100%| E|CS|TAMS 0x000000008be00000, 0x000000008be00000| Complete 
| 133|0x000000008bf00000, 0x000000008c000000, 0x000000008c000000|100%| E|CS|TAMS 0x000000008bf00000, 0x000000008bf00000| Complete 
| 134|0x000000008c000000, 0x000000008c100000, 0x000000008c100000|100%| E|CS|TAMS 0x000000008c000000, 0x000000008c000000| Complete 
| 135|0x000000008c100000, 0x000000008c200000, 0x000000008c200000|100%| E|CS|TAMS 0x000000008c100000, 0x000000008c100000| Complete 
| 136|0x000000008c200000, 0x000000008c300000, 0x000000008c300000|100%| E|CS|TAMS 0x000000008c200000, 0x000000008c200000| Complete 
| 137|0x000000008c300000, 0x000000008c400000, 0x000000008c400000|100%| E|CS|TAMS 0x000000008c300000, 0x000000008c300000| Complete 
| 138|0x000000008c400000, 0x000000008c500000, 0x000000008c500000|100%| E|CS|TAMS 0x000000008c400000, 0x000000008c400000| Complete 
| 139|0x000000008c500000, 0x000000008c600000, 0x000000008c600000|100%| E|CS|TAMS 0x000000008c500000, 0x000000008c500000| Complete 
| 140|0x000000008c600000, 0x000000008c700000, 0x000000008c700000|100%| E|CS|TAMS 0x000000008c600000, 0x000000008c600000| Complete 
| 141|0x000000008c700000, 0x000000008c800000, 0x000000008c800000|100%| E|CS|TAMS 0x000000008c700000, 0x000000008c700000| Complete 
| 142|0x000000008c800000, 0x000000008c900000, 0x000000008c900000|100%| E|CS|TAMS 0x000000008c800000, 0x000000008c800000| Complete 
| 143|0x000000008c900000, 0x000000008ca00000, 0x000000008ca00000|100%| E|CS|TAMS 0x000000008c900000, 0x000000008c900000| Complete 
| 144|0x000000008ca00000, 0x000000008cb00000, 0x000000008cb00000|100%| E|CS|TAMS 0x000000008ca00000, 0x000000008ca00000| Complete 
| 145|0x000000008cb00000, 0x000000008cc00000, 0x000000008cc00000|100%| E|CS|TAMS 0x000000008cb00000, 0x000000008cb00000| Complete 
| 146|0x000000008cc00000, 0x000000008cd00000, 0x000000008cd00000|100%| E|CS|TAMS 0x000000008cc00000, 0x000000008cc00000| Complete 
| 147|0x000000008cd00000, 0x000000008ce00000, 0x000000008ce00000|100%| E|CS|TAMS 0x000000008cd00000, 0x000000008cd00000| Complete 
| 148|0x000000008ce00000, 0x000000008cf00000, 0x000000008cf00000|100%| E|CS|TAMS 0x000000008ce00000, 0x000000008ce00000| Complete 
| 149|0x000000008cf00000, 0x000000008d000000, 0x000000008d000000|100%| E|CS|TAMS 0x000000008cf00000, 0x000000008cf00000| Complete 
| 150|0x000000008d000000, 0x000000008d100000, 0x000000008d100000|100%| E|CS|TAMS 0x000000008d000000, 0x000000008d000000| Complete 
| 151|0x000000008d100000, 0x000000008d200000, 0x000000008d200000|100%| E|CS|TAMS 0x000000008d100000, 0x000000008d100000| Complete 
| 152|0x000000008d200000, 0x000000008d300000, 0x000000008d300000|100%| E|CS|TAMS 0x000000008d200000, 0x000000008d200000| Complete 
| 153|0x000000008d300000, 0x000000008d400000, 0x000000008d400000|100%| E|CS|TAMS 0x000000008d300000, 0x000000008d300000| Complete 
| 154|0x000000008d400000, 0x000000008d500000, 0x000000008d500000|100%| E|CS|TAMS 0x000000008d400000, 0x000000008d400000| Complete 
| 155|0x000000008d500000, 0x000000008d600000, 0x000000008d600000|100%| E|CS|TAMS 0x000000008d500000, 0x000000008d500000| Complete 
| 156|0x000000008d600000, 0x000000008d700000, 0x000000008d700000|100%| E|CS|TAMS 0x000000008d600000, 0x000000008d600000| Complete 
| 157|0x000000008d700000, 0x000000008d800000, 0x000000008d800000|100%| E|CS|TAMS 0x000000008d700000, 0x000000008d700000| Complete 
| 158|0x000000008d800000, 0x000000008d900000, 0x000000008d900000|100%| E|CS|TAMS 0x000000008d800000, 0x000000008d800000| Complete 
| 159|0x000000008d900000, 0x000000008da00000, 0x000000008da00000|100%| E|CS|TAMS 0x000000008d900000, 0x000000008d900000| Complete 
| 160|0x000000008da00000, 0x000000008db00000, 0x000000008db00000|100%| E|CS|TAMS 0x000000008da00000, 0x000000008da00000| Complete 
| 161|0x000000008db00000, 0x000000008dc00000, 0x000000008dc00000|100%| E|CS|TAMS 0x000000008db00000, 0x000000008db00000| Complete 
| 162|0x000000008dc00000, 0x000000008dd00000, 0x000000008dd00000|100%| E|CS|TAMS 0x000000008dc00000, 0x000000008dc00000| Complete 
| 163|0x000000008dd00000, 0x000000008de00000, 0x000000008de00000|100%| E|CS|TAMS 0x000000008dd00000, 0x000000008dd00000| Complete 

Card table byte_map: [0x00000235e18e0000,0x00000235e1cd0000] _byte_map_base: 0x00000235e14c3000

Marking Bits (Prev, Next): (CMBitMap*) 0x00000235c8c53008, (CMBitMap*) 0x00000235c8c53040
 Prev Bits: [0x00000235e20c0000, 0x00000235e3fd8000)
 Next Bits: [0x00000235e3fe0000, 0x00000235e5ef8000)

Polling page: 0x00000235c8cf0000

Metaspace:

Usage:
  Non-class:     82.00 MB capacity,    77.72 MB ( 95%) used,     3.90 MB (  5%) free+waste,   388.13 KB ( <1%) overhead. 
      Class:     13.10 MB capacity,    11.39 MB ( 87%) used,     1.52 MB ( 12%) free+waste,   197.50 KB (  1%) overhead. 
       Both:     95.10 MB capacity,    89.10 MB ( 94%) used,     5.42 MB (  6%) free+waste,   585.63 KB ( <1%) overhead. 

Virtual space:
  Non-class space:       84.00 MB reserved,      82.39 MB ( 98%) committed 
      Class space:        1.00 GB reserved,      13.32 MB (  1%) committed 
             Both:        1.08 GB reserved,      95.71 MB (  9%) committed 

Chunk freelists:
   Non-Class:  42.50 KB
       Class:  18.88 KB
        Both:  61.38 KB

CodeHeap 'non-profiled nmethods': size=238336Kb used=32139Kb max_used=32139Kb free=206196Kb
 bounds [0x00000235d21d0000, 0x00000235d4140000, 0x00000235e0a90000]
CodeHeap 'non-nmethods': size=7424Kb used=1285Kb max_used=1285Kb free=6139Kb
 bounds [0x00000235d1a90000, 0x00000235d1d00000, 0x00000235d21d0000]
 total_blobs=18888 nmethods=18225 adapters=588
 compilation: enabled
              stopped_count=0, restarted_count=0
 full_count=0

Compilation events (10 events):
Event: 4528.336 Thread 0x00000235e926e000 nmethod 18248 0x00000235d4130910 code [0x00000235d4130b60, 0x00000235d4131508]
Event: 4528.336 Thread 0x00000235e926e000 18249       1       ch.qos.logback.classic.Logger::debug (15 bytes)
Event: 4528.336 Thread 0x00000235e926e000 nmethod 18249 0x00000235d4131a10 code [0x00000235d4131ba0, 0x00000235d4131ca8]
Event: 4528.336 Thread 0x00000235e926e000 18246       1       com.zaxxer.hikari.pool.HikariPool$$Lambda$1441/0x0000000100a16040::run (16 bytes)
Event: 4528.336 Thread 0x00000235e926e000 nmethod 18246 0x00000235d4131d10 code [0x00000235d4131ec0, 0x00000235d4131fd8]
Event: 4528.337 Thread 0x00000235e926e000 18247       1       com.zaxxer.hikari.pool.HikariPool::lambda$closeConnection$1 (18 bytes)
Event: 4528.337 Thread 0x00000235e926e000 nmethod 18247 0x00000235d4132110 code [0x00000235d41322c0, 0x00000235d41323b8]
Event: 4528.337 Thread 0x00000235e926e000 18250   !   1       com.mysql.cj.jdbc.ConnectionImpl::close (85 bytes)
Event: 4528.337 Thread 0x00000235e926e000 nmethod 18250 0x00000235d4132490 code [0x00000235d4132680, 0x00000235d4132ad8]
Event: 4528.337 Thread 0x00000235e926e000 18251   !   1       com.mysql.cj.jdbc.ConnectionImpl::realClose (368 bytes)

GC Heap History (10 events):
Event: 4486.868 GC heap before
{Heap before GC invocations=253 (full 33):
 garbage-first heap   total 167936K, used 134426K [0x0000000083a00000, 0x0000000100000000)
  region size 1024K, 77 young (78848K), 0 survivors (0K)
 Metaspace       used 90383K, capacity 96337K, committed 97116K, reserved 1132544K
  class space    used 11590K, capacity 13328K, committed 13516K, reserved 1048576K
}
Event: 4486.872 GC heap after
{Heap after GC invocations=254 (full 33):
 garbage-first heap   total 167936K, used 59354K [0x0000000083a00000, 0x0000000100000000)
  region size 1024K, 4 young (4096K), 4 survivors (4096K)
 Metaspace       used 90383K, capacity 96337K, committed 97116K, reserved 1132544K
  class space    used 11590K, capacity 13328K, committed 13516K, reserved 1048576K
}
Event: 4491.333 GC heap before
{Heap before GC invocations=254 (full 33):
 garbage-first heap   total 167936K, used 115674K [0x0000000083a00000, 0x0000000100000000)
  region size 1024K, 60 young (61440K), 4 survivors (4096K)
 Metaspace       used 90615K, capacity 96605K, committed 97372K, reserved 1132544K
  class space    used 11605K, capacity 13331K, committed 13516K, reserved 1048576K
}
Event: 4491.473 GC heap after
{Heap after GC invocations=255 (full 34):
 garbage-first heap   total 167936K, used 58277K [0x0000000083a00000, 0x0000000100000000)
  region size 1024K, 0 young (0K), 0 survivors (0K)
 Metaspace       used 90615K, capacity 96605K, committed 97372K, reserved 1132544K
  class space    used 11605K, capacity 13331K, committed 13516K, reserved 1048576K
}
Event: 4492.050 GC heap before
{Heap before GC invocations=255 (full 34):
 garbage-first heap   total 167936K, used 136101K [0x0000000083a00000, 0x0000000100000000)
  region size 1024K, 76 young (77824K), 0 survivors (0K)
 Metaspace       used 90696K, capacity 96725K, committed 97500K, reserved 1132544K
  class space    used 11619K, capacity 13371K, committed 13644K, reserved 1048576K
}
Event: 4492.054 GC heap after
{Heap after GC invocations=256 (full 34):
 garbage-first heap   total 167936K, used 61802K [0x0000000083a00000, 0x0000000100000000)
  region size 1024K, 4 young (4096K), 4 survivors (4096K)
 Metaspace       used 90696K, capacity 96725K, committed 97500K, reserved 1132544K
  class space    used 11619K, capacity 13371K, committed 13644K, reserved 1048576K
}
Event: 4521.691 GC heap before
{Heap before GC invocations=256 (full 34):
 garbage-first heap   total 167936K, used 124266K [0x0000000083a00000, 0x0000000100000000)
  region size 1024K, 66 young (67584K), 4 survivors (4096K)
 Metaspace       used 90928K, capacity 96993K, committed 97756K, reserved 1134592K
  class space    used 11633K, capacity 13374K, committed 13644K, reserved 1048576K
}
Event: 4521.788 GC heap after
{Heap after GC invocations=257 (full 35):
 garbage-first heap   total 167936K, used 60951K [0x0000000083a00000, 0x0000000100000000)
  region size 1024K, 0 young (0K), 0 survivors (0K)
 Metaspace       used 90928K, capacity 96993K, committed 97756K, reserved 1134592K
  class space    used 11633K, capacity 13374K, committed 13644K, reserved 1048576K
}
Event: 4522.204 GC heap before
{Heap before GC invocations=257 (full 35):
 garbage-first heap   total 167936K, used 137751K [0x0000000083a00000, 0x0000000100000000)
  region size 1024K, 75 young (76800K), 0 survivors (0K)
 Metaspace       used 91010K, capacity 97113K, committed 97756K, reserved 1134592K
  class space    used 11647K, capacity 13414K, committed 13644K, reserved 1048576K
}
Event: 4522.208 GC heap after
{Heap after GC invocations=258 (full 35):
 garbage-first heap   total 167936K, used 64461K [0x0000000083a00000, 0x0000000100000000)
  region size 1024K, 4 young (4096K), 4 survivors (4096K)
 Metaspace       used 91010K, capacity 97113K, committed 97756K, reserved 1134592K
  class space    used 11647K, capacity 13414K, committed 13644K, reserved 1048576K
}

Deoptimization events (0 events):
No events

Classes redefined (0 events):
No events

Internal exceptions (10 events):
Event: 4522.411 Thread 0x00000235edb6c800 Exception <a 'java/lang/ClassNotFoundException'{0x000000008c403bc8}: com/klef/jfsd/springboot/model/PatientCustomizer> (0x000000008c403bc8) thrown at [./open/src/hotspot/share/classfile/systemDictionary.cpp, line 226]
Event: 4522.431 Thread 0x00000235edb6c800 Exception <a 'java/lang/ClassNotFoundException'{0x000000008c26a8d8}: java/lang/ObjectCustomizer> (0x000000008c26a8d8) thrown at [./open/src/hotspot/share/classfile/systemDictionary.cpp, line 226]
Event: 4522.432 Thread 0x00000235edb6c800 Exception <a 'java/lang/ClassNotFoundException'{0x000000008c282528}: com/klef/jfsd/springboot/model/AdminCustomizer> (0x000000008c282528) thrown at [./open/src/hotspot/share/classfile/systemDictionary.cpp, line 226]
Event: 4522.442 Thread 0x00000235edb6c800 Exception <a 'java/lang/ClassNotFoundException'{0x000000008c1c66a8}: java/lang/ObjectCustomizer> (0x000000008c1c66a8) thrown at [./open/src/hotspot/share/classfile/systemDictionary.cpp, line 226]
Event: 4522.442 Thread 0x00000235edb6c800 Exception <a 'java/lang/ClassNotFoundException'{0x000000008c1de508}: com/klef/jfsd/springboot/model/DoctorCustomizer> (0x000000008c1de508) thrown at [./open/src/hotspot/share/classfile/systemDictionary.cpp, line 226]
Event: 4522.452 Thread 0x00000235edb6c800 Exception <a 'java/lang/ClassNotFoundException'{0x000000008bf95478}: java/lang/ObjectCustomizer> (0x000000008bf95478) thrown at [./open/src/hotspot/share/classfile/systemDictionary.cpp, line 226]
Event: 4522.452 Thread 0x00000235edb6c800 Exception <a 'java/lang/ClassNotFoundException'{0x000000008bfae0b8}: com/klef/jfsd/springboot/model/ReceptionistCustomizer> (0x000000008bfae0b8) thrown at [./open/src/hotspot/share/classfile/systemDictionary.cpp, line 226]
Event: 4522.462 Thread 0x00000235edb6c800 Exception <a 'java/lang/ClassNotFoundException'{0x000000008bd32b98}: java/lang/ObjectCustomizer> (0x000000008bd32b98) thrown at [./open/src/hotspot/share/classfile/systemDictionary.cpp, line 226]
Event: 4522.462 Thread 0x00000235edb6c800 Exception <a 'java/lang/ClassNotFoundException'{0x000000008bd4b658}: com/klef/jfsd/springboot/model/AppointmentCustomizer> (0x000000008bd4b658) thrown at [./open/src/hotspot/share/classfile/systemDictionary.cpp, line 226]
Event: 4528.329 Thread 0x00000235edb6d800 Exception <a 'java/lang/InterruptedException'{0x000000008a4f3978}: sleep interrupted> (0x000000008a4f3978) thrown at [./open/src/hotspot/share/prims/jvm.cpp, line 3124]

Events (10 events):
Event: 4528.332 Executing VM operation: RevokeBias
Event: 4528.332 Executing VM operation: RevokeBias done
Event: 4528.332 Executing VM operation: RevokeBias
Event: 4528.332 Executing VM operation: RevokeBias done
Event: 4528.333 Executing VM operation: RevokeBias
Event: 4528.333 Executing VM operation: RevokeBias done
Event: 4528.334 Thread 0x00000235efe52000 Thread added: 0x00000235efe52000
Event: 4528.334 Thread 0x00000235edb74000 Thread exited: 0x00000235edb74000
Event: 4528.337 Thread 0x00000235efe52000 Thread exited: 0x00000235efe52000
Event: 4528.338 Executing VM operation: G1CollectFull


Dynamic libraries:
0x00007ff7bf420000 - 0x00007ff7bf42f000 	C:\Program Files\Java\jdk-11.0.14\bin\javaw.exe
0x00007ff908ad0000 - 0x00007ff908cc8000 	C:\Windows\SYSTEM32\ntdll.dll
0x00007ff908430000 - 0x00007ff9084ed000 	C:\Windows\System32\KERNEL32.DLL
0x00007ff9064d0000 - 0x00007ff90679e000 	C:\Windows\System32\KERNELBASE.dll
0x00007ff906990000 - 0x00007ff906a90000 	C:\Windows\System32\ucrtbase.dll
0x00007ff9032e0000 - 0x00007ff9032f5000 	C:\Program Files\Java\jdk-11.0.14\bin\VCRUNTIME140.dll
0x00007ff903320000 - 0x00007ff903338000 	C:\Program Files\Java\jdk-11.0.14\bin\jli.dll
0x00007ff906c00000 - 0x00007ff906cae000 	C:\Windows\System32\ADVAPI32.dll
0x00007ff907610000 - 0x00007ff9076ae000 	C:\Windows\System32\msvcrt.dll
0x00007ff9089f0000 - 0x00007ff908a8c000 	C:\Windows\System32\sechost.dll
0x00007ff9074e0000 - 0x00007ff907605000 	C:\Windows\System32\RPCRT4.dll
0x00007ff908290000 - 0x00007ff908430000 	C:\Windows\System32\USER32.dll
0x00007ff9061f0000 - 0x00007ff906212000 	C:\Windows\System32\win32u.dll
0x00007ff905600000 - 0x00007ff90589a000 	C:\Windows\WinSxS\amd64_microsoft.windows.common-controls_6595b64144ccf1df_6.0.19041.1110_none_60b5254171f9507e\COMCTL32.dll
0x00007ff9073d0000 - 0x00007ff9073fa000 	C:\Windows\System32\GDI32.dll
0x00007ff906830000 - 0x00007ff90693b000 	C:\Windows\System32\gdi32full.dll
0x00007ff906a90000 - 0x00007ff906b2d000 	C:\Windows\System32\msvcp_win.dll
0x00007ff8efdb0000 - 0x00007ff8efdba000 	C:\Windows\SYSTEM32\VERSION.dll
0x00007ff9089c0000 - 0x00007ff9089f0000 	C:\Windows\System32\IMM32.DLL
0x00007ff8fd2b0000 - 0x00007ff8fd34b000 	C:\Program Files\Java\jdk-11.0.14\bin\msvcp140.dll
0x00007ff8c3b50000 - 0x00007ff8c4666000 	C:\Program Files\Java\jdk-11.0.14\bin\server\jvm.dll
0x00007ff906b30000 - 0x00007ff906b38000 	C:\Windows\System32\PSAPI.DLL
0x00007ff9032d0000 - 0x00007ff9032d9000 	C:\Windows\SYSTEM32\WSOCK32.dll
0x00007ff8ebde0000 - 0x00007ff8ebe07000 	C:\Windows\SYSTEM32\WINMM.dll
0x00007ff9085c0000 - 0x00007ff90862b000 	C:\Windows\System32\WS2_32.dll
0x00007ff9043e0000 - 0x00007ff9043f2000 	C:\Windows\SYSTEM32\kernel.appcore.dll
0x00007ff9000d0000 - 0x00007ff9000e0000 	C:\Program Files\Java\jdk-11.0.14\bin\verify.dll
0x00007ff905a80000 - 0x00007ff905c64000 	C:\Windows\SYSTEM32\DBGHELP.DLL
0x00007ff9059d0000 - 0x00007ff9059fc000 	C:\Windows\SYSTEM32\dbgcore.DLL
0x00007ff9067a0000 - 0x00007ff906822000 	C:\Windows\System32\bcryptPrimitives.dll
0x00007ff8ffcf0000 - 0x00007ff8ffd18000 	C:\Program Files\Java\jdk-11.0.14\bin\java.dll
0x00007ff900020000 - 0x00007ff90002a000 	C:\Program Files\Java\jdk-11.0.14\bin\jimage.dll
0x00007ff8ffcd0000 - 0x00007ff8ffce6000 	C:\Program Files\Java\jdk-11.0.14\bin\zip.dll
0x00007ff9076b0000 - 0x00007ff907df3000 	C:\Windows\System32\SHELL32.dll
0x00007ff903b40000 - 0x00007ff9042d5000 	C:\Windows\SYSTEM32\windows.storage.dll
0x00007ff906ed0000 - 0x00007ff907224000 	C:\Windows\System32\combase.dll
0x00007ff905560000 - 0x00007ff905590000 	C:\Windows\SYSTEM32\Wldp.dll
0x00007ff908910000 - 0x00007ff9089bd000 	C:\Windows\System32\SHCORE.dll
0x00007ff906e70000 - 0x00007ff906ec5000 	C:\Windows\System32\shlwapi.dll
0x00007ff906130000 - 0x00007ff90614f000 	C:\Windows\SYSTEM32\profapi.dll
0x00007ff8ff710000 - 0x00007ff8ff729000 	C:\Program Files\Java\jdk-11.0.14\bin\net.dll
0x00007ff8f9820000 - 0x00007ff8f992a000 	C:\Windows\SYSTEM32\WINHTTP.dll
0x00007ff905430000 - 0x00007ff90549a000 	C:\Windows\system32\mswsock.dll
0x00007ff8ff6f0000 - 0x00007ff8ff702000 	C:\Program Files\Java\jdk-11.0.14\bin\nio.dll
0x00007ff8ffea0000 - 0x00007ff8ffea9000 	C:\Program Files\Java\jdk-11.0.14\bin\management.dll
0x00007ff8ff1e0000 - 0x00007ff8ff1eb000 	C:\Program Files\Java\jdk-11.0.14\bin\management_ext.dll
0x00007ff8efc10000 - 0x00007ff8efc27000 	C:\Windows\system32\napinsp.dll
0x00007ff8efbf0000 - 0x00007ff8efc0b000 	C:\Windows\system32\pnrpnsp.dll
0x00007ff9002f0000 - 0x00007ff900305000 	C:\Windows\system32\wshbth.dll
0x00007ff8fea80000 - 0x00007ff8fea9d000 	C:\Windows\system32\NLAapi.dll
0x00007ff904fb0000 - 0x00007ff904feb000 	C:\Windows\SYSTEM32\IPHLPAPI.DLL
0x00007ff904ff0000 - 0x00007ff9050ba000 	C:\Windows\SYSTEM32\DNSAPI.dll
0x00007ff906b40000 - 0x00007ff906b48000 	C:\Windows\System32\NSI.dll
0x00007ff8e9980000 - 0x00007ff8e9992000 	C:\Windows\System32\winrnr.dll
0x00007ff8fda80000 - 0x00007ff8fda8a000 	C:\Windows\System32\rasadhlp.dll
0x00007ff8f97a0000 - 0x00007ff8f9820000 	C:\Windows\System32\fwpuclnt.dll
0x00007ff9064a0000 - 0x00007ff9064c7000 	C:\Windows\System32\bcrypt.dll
0x00007ff905f80000 - 0x00007ff905f98000 	C:\Windows\SYSTEM32\CRYPTSP.dll
0x00007ff904c00000 - 0x00007ff904c34000 	C:\Windows\system32\rsaenh.dll
0x00007ff9060f0000 - 0x00007ff90611e000 	C:\Windows\SYSTEM32\USERENV.dll
0x00007ff905520000 - 0x00007ff90552c000 	C:\Windows\SYSTEM32\CRYPTBASE.dll
0x00007ff8fcc40000 - 0x00007ff8fcc57000 	C:\Windows\SYSTEM32\dhcpcsvc6.DLL
0x00007ff8fda90000 - 0x00007ff8fdaad000 	C:\Windows\SYSTEM32\dhcpcsvc.DLL
0x00007ff8fe950000 - 0x00007ff8fe95d000 	C:\Program Files\Java\jdk-11.0.14\bin\sunmscapi.dll
0x00007ff906220000 - 0x00007ff906376000 	C:\Windows\System32\CRYPT32.dll
0x00007ff9055d0000 - 0x00007ff9055f7000 	C:\Windows\SYSTEM32\ncrypt.dll
0x00007ff905590000 - 0x00007ff9055cb000 	C:\Windows\SYSTEM32\NTASN1.dll
0x00007ff8db890000 - 0x00007ff8db8b5000 	C:\Program Files\Java\jdk-11.0.14\bin\sunec.dll

dbghelp: loaded successfully - version: 4.0.5 - missing functions: none
symbol engine: initialized successfully - sym options: 0x614 - pdb path: .;C:\Program Files\Java\jdk-11.0.14\bin;C:\Windows\SYSTEM32;C:\Windows\WinSxS\amd64_microsoft.windows.common-controls_6595b64144ccf1df_6.0.19041.1110_none_60b5254171f9507e;C:\Program Files\Java\jdk-11.0.14\bin\server

VM Arguments:
jvm_args: -Dcom.sun.management.jmxremote -Dcom.sun.management.jmxremote.port=61804 -Dcom.sun.management.jmxremote.authenticate=false -Dcom.sun.management.jmxremote.ssl=false -Djava.rmi.server.hostname=localhost -Dspring.jmx.enabled=true -Dspring.application.admin.enabled=true -XX:TieredStopAtLevel=1 -Dspring.boot.project.name=HealthcareManagementSystem -Dfile.encoding=UTF-8 
java_command: com.klef.jfsd.springboot.HealthcareManagementSystemApplication
java_class_path (initial): D:\JFSDProjectWorkspace\HealthcareManagementSystem\target\classes;C:\Users\keerthi sree\.m2\repository\org\springframework\boot\spring-boot-starter-actuator\2.7.4\spring-boot-starter-actuator-2.7.4.jar;C:\Users\keerthi sree\.m2\repository\org\springframework\boot\spring-boot-starter\2.7.4\spring-boot-starter-2.7.4.jar;C:\Users\keerthi sree\.m2\repository\org\springframework\boot\spring-boot-starter-logging\2.7.4\spring-boot-starter-logging-2.7.4.jar;C:\Users\keerthi sree\.m2\repository\ch\qos\logback\logback-classic\1.2.11\logback-classic-1.2.11.jar;C:\Users\keerthi sree\.m2\repository\ch\qos\logback\logback-core\1.2.11\logback-core-1.2.11.jar;C:\Users\keerthi sree\.m2\repository\org\apache\logging\log4j\log4j-to-slf4j\2.17.2\log4j-to-slf4j-2.17.2.jar;C:\Users\keerthi sree\.m2\repository\org\apache\logging\log4j\log4j-api\2.17.2\log4j-api-2.17.2.jar;C:\Users\keerthi sree\.m2\repository\org\slf4j\jul-to-slf4j\1.7.36\jul-to-slf4j-1.7.36.jar;C:\Users\keerthi sree\.m2\repository\org\yaml\snakeyaml\1.30\snakeyaml-1.30.jar;C:\Users\keerthi sree\.m2\repository\org\springframework\boot\spring-boot-actuator-autoconfigure\2.7.4\spring-boot-actuator-autoconfigure-2.7.4.jar;C:\Users\keerthi sree\.m2\repository\org\springframework\boot\spring-boot-actuator\2.7.4\spring-boot-actuator-2.7.4.jar;C:\Users\keerthi sree\.m2\repository\com\fasterxml\jackson\core\jackson-databind\2.13.4\jackson-databind-2.13.4.jar;C:\Users\keerthi sree\.m2\repository\com\fasterxml\jackson\core\jackson-annotations\2.13.4\jackson-annotations-2.13.4.jar;C:\Users\keerthi sree\.m2\repository\com\fasterxml\jackson\core\jackson-core\2.13.4\jackson-core-2.13.4.jar;C:\Users\keerthi sree\.m2\repository\com\fasterxml\jackson\datatype\jackson-datatype-jsr310\2.13.4\jackson-datatype-jsr310-2.13.4.jar;C:\Users\keerthi sree\.m2\repository\io\micrometer\micrometer-core\1.9.4\micrometer-core-1.9.4.jar;C:\Users\keerthi sree\.m2\repository\org\hdrhistogram\HdrHistogram\2.1.12\HdrHistogram-2.1.
Launcher Type: SUN_STANDARD

[Global flags]
     intx CICompilerCount                          = 4                                         {product} {ergonomic}
     uint ConcGCThreads                            = 2                                         {product} {ergonomic}
     uint G1ConcRefinementThreads                  = 8                                         {product} {ergonomic}
   size_t G1HeapRegionSize                         = 1048576                                   {product} {ergonomic}
    uintx GCDrainStackTargetSize                   = 64                                        {product} {ergonomic}
   size_t InitialHeapSize                          = 132120576                                 {product} {ergonomic}
     bool ManagementServer                         = true                                      {product} {command line}
   size_t MarkStackSize                            = 4194304                                   {product} {ergonomic}
   size_t MaxHeapSize                              = 2086666240                                {product} {ergonomic}
   size_t MaxNewSize                               = 1251999744                                {product} {ergonomic}
   size_t MinHeapDeltaBytes                        = 1048576                                   {product} {ergonomic}
    uintx NonNMethodCodeHeapSize                   = 7549744                                {pd product} {ergonomic}
    uintx NonProfiledCodeHeapSize                  = 244108496                              {pd product} {ergonomic}
    uintx ProfiledCodeHeapSize                     = 0                                      {pd product} {ergonomic}
    uintx ReservedCodeCacheSize                    = 251658240                              {pd product} {ergonomic}
     bool SegmentedCodeCache                       = true                                      {product} {ergonomic}
     intx TieredStopAtLevel                        = 1                                         {product} {command line}
     bool UseCompressedClassPointers               = true                                 {lp64_product} {ergonomic}
     bool UseCompressedOops                        = true                                 {lp64_product} {ergonomic}
     bool UseG1GC                                  = true                                      {product} {ergonomic}
     bool UseLargePagesIndividualAllocation        = false                                  {pd product} {ergonomic}

Logging:
Log output configuration:
 #0: stdout all=warning uptime,level,tags
 #1: stderr all=off uptime,level,tags

Environment Variables:
JAVA_HOME=C:\Program Files\Java\jdk-11.0.14
CLASSPATH=C:\Program Files\Java\jdk-11.0.14\bin
PATH=C:\Program Files\Common Files\Oracle\Java\javapath;C:\Program Files (x86)\Common Files\Oracle\Java\javapath;C:\Windows\system32;C:\Windows;C:\Windows\System32\Wbem;C:\Windows\System32\WindowsPowerShell\v1.0\;C:\Windows\System32\OpenSSH\;C:\Program Files\NVIDIA Corporation\NVIDIA NvDLISR;C:\Program Files\PuTTY\;C:\Program Files\Git\cmd;C:\ProgramData\chocolatey\bin;C:\Program Files\MySQL\MySQL Shell 8.0\bin\;C:\Users\Public\anaconda3;C:\Users\Public\anaconda3\Library\mingw-w64\bin;C:\Users\Public\anaconda3\Library\usr\bin;C:\Users\Public\anaconda3\Library\bin;C:\Users\Public\anaconda3\Scripts;C:\Users\keerthi sree\AppData\Local\Programs\Python\Python310\Scripts\;C:\Users\keerthi sree\AppData\Local\Programs\Python\Python310\;C:\Users\keerthi sree\AppData\Local\Microsoft\WindowsApps;C:\Users\keerthi sree\AppData\Local\Programs\Microsoft VS Code\bin;C:\Program Files\sfdx\bin;D:\apache-maven-3.8.6\bin;C:\Program Files\Java\jdk-11.0.14\lib;C:\Program Files\JetBrains\PyCharm Community Edition 2022.1.3\bin;;D:\flutter\bin
USERNAME=keerthi sree
OS=Windows_NT
PROCESSOR_IDENTIFIER=Intel64 Family 6 Model 126 Stepping 5, GenuineIntel



---------------  S Y S T E M  ---------------

OS: Windows 10 , 64 bit Build 19041 (10.0.19041.1889)

CPU:total 8 (initial active 8) (4 cores per cpu, 2 threads per core) family 6 model 126 stepping 5 microcode 0xb2, cmov, cx8, fxsr, mmx, sse, sse2, sse3, ssse3, sse4.1, sse4.2, popcnt, avx, avx2, aes, clmul, erms, 3dnowpref, lzcnt, ht, tsc, tscinvbit, bmi1, bmi2, adx, evex, sha, fma

Memory: 4k page, system-wide physical 7959M (1011M free)
TotalPageFile size 12055M (AvailPageFile size 5M)
current process WorkingSet (physical memory assigned to process): 358M, peak: 359M
current process commit charge ("private bytes"): 421M, peak: 432M

vm_info: Java HotSpot(TM) 64-Bit Server VM (11.0.14+8-LTS-263) for windows-amd64 JRE (11.0.14+8-LTS-263), built on Dec  7 2021 21:53:57 by "mach5one" with MS VC++ 15.9 (VS2017)

END.
